{"F:\\MyLearning\\Capstone-project\\Teamwork-Backend-API\\src\\index.js":{"path":"F:\\MyLearning\\Capstone-project\\Teamwork-Backend-API\\src\\index.js","statementMap":{"0":{"start":{"line":3,"column":0},"end":{"line":3,"column":27}},"1":{"start":{"line":5,"column":12},"end":{"line":5,"column":58}},"2":{"start":{"line":7,"column":10},"end":{"line":7,"column":26}},"3":{"start":{"line":9,"column":0},"end":{"line":9,"column":24}},"4":{"start":{"line":10,"column":11},"end":{"line":10,"column":27}},"5":{"start":{"line":11,"column":13},"end":{"line":17,"column":2}},"6":{"start":{"line":12,"column":2},"end":{"line":12,"column":109}},"7":{"start":{"line":18,"column":0},"end":{"line":18,"column":21}},"8":{"start":{"line":19,"column":0},"end":{"line":19,"column":44}}},"fnMap":{"0":{"name":"(anonymous_0)","decl":{"start":{"line":11,"column":30},"end":{"line":11,"column":31}},"loc":{"start":{"line":11,"column":42},"end":{"line":17,"column":1}},"line":11}},"branchMap":{},"s":{"0":1,"1":1,"2":1,"3":1,"4":1,"5":1,"6":1,"7":1,"8":1},"f":{"0":1},"b":{},"inputSourceMap":{"version":3,"sources":["index.js"],"names":["require","config","debug","app","process","env","port","listen","name","module","exports","address"],"mappings":";;AAAAA,OAAO,CAAC,QAAD,CAAP,CAAkBC,MAAlB;;AAEA,IAAMC,KAAK,GAAGF,OAAO,CAAC,OAAD,CAAP,CAAiB,4BAAjB,CAAd;;AAEA,IAAMG,GAAG,GAAGH,OAAO,CAAC,OAAD,CAAnB;;AAEAE,KAAK,CAACE,OAAO,CAACC,GAAR,CAAYC,IAAb,CAAL;IACQA,I,GAASF,OAAO,CAACC,G,CAAjBC,I;AAER,IAAMC,MAAM,GAAGJ,GAAG,CAACI,MAAJ,CAAWD,IAAX,EAAiB,YAAM;AACpCJ,EAAAA,KAAK,qCAC0BE,OAAO,CAACC,GAAR,CAAYC,IADtC,qBACqDF,OAAO,CAACC,GAAR,CAAYG,IADjE,WAAL,CADoC,CAKpC;AACA;AACA;AACA;AACA;AACD,CAVc,CAAf;AAWAC,MAAM,CAACC,OAAP,GAAiBP,GAAjB;AACAM,MAAM,CAACC,OAAP,CAAeJ,IAAf,GAAsBC,MAAM,CAACI,OAAP,GAAiBL,IAAvC","sourceRoot":"F:\\MyLearning\\Capstone-project\\Teamwork-Backend-API\\src","sourcesContent":["require('dotenv').config();\r\n\r\nconst debug = require('debug')('teamwork-backend-api:debug');\r\n\r\nconst app = require('./app');\r\n\r\ndebug(process.env.port);\r\nconst { port } = process.env;\r\n\r\nconst listen = app.listen(port, () => {\r\n  debug(\r\n    `server is running on port ${process.env.port} and in ${process.env.name} mode`\r\n  );\r\n\r\n  // console.log(\r\n  //   `server is running on port ${config.get('port')} and in ${config.get(\r\n  //     'name'\r\n  //   )} mode`\r\n  // );\r\n});\r\nmodule.exports = app;\r\nmodule.exports.port = listen.address().port;\r\n"]},"_coverageSchema":"1a1c01bbd47fc00a2c39e90264f33305004495a9","hash":"e235164508200310bc4005470ee0da9c20ab0a55","contentHash":"14608665f9ca74e3ffb4a5bcc7409ca69dc071797822524dd56cf0a2af939093"},"F:\\MyLearning\\Capstone-project\\Teamwork-Backend-API\\src\\app.js":{"path":"F:\\MyLearning\\Capstone-project\\Teamwork-Backend-API\\src\\app.js","statementMap":{"0":{"start":{"line":3,"column":14},"end":{"line":3,"column":32}},"1":{"start":{"line":5,"column":17},"end":{"line":5,"column":39}},"2":{"start":{"line":8,"column":13},"end":{"line":8,"column":39}},"3":{"start":{"line":10,"column":15},"end":{"line":10,"column":49}},"4":{"start":{"line":11,"column":18},"end":{"line":11,"column":38}},"5":{"start":{"line":13,"column":16},"end":{"line":13,"column":49}},"6":{"start":{"line":14,"column":23},"end":{"line":14,"column":49}},"7":{"start":{"line":16,"column":10},"end":{"line":16,"column":19}},"8":{"start":{"line":17,"column":0},"end":{"line":22,"column":3}},"9":{"start":{"line":18,"column":2},"end":{"line":18,"column":52}},"10":{"start":{"line":19,"column":2},"end":{"line":19,"column":122}},"11":{"start":{"line":20,"column":2},"end":{"line":20,"column":80}},"12":{"start":{"line":21,"column":2},"end":{"line":21,"column":9}},"13":{"start":{"line":23,"column":0},"end":{"line":25,"column":4}},"14":{"start":{"line":26,"column":0},"end":{"line":26,"column":27}},"15":{"start":{"line":28,"column":0},"end":{"line":28,"column":31}},"16":{"start":{"line":29,"column":0},"end":{"line":29,"column":21}},"17":{"start":{"line":31,"column":0},"end":{"line":33,"column":3}},"18":{"start":{"line":32,"column":2},"end":{"line":32,"column":24}},"19":{"start":{"line":36,"column":0},"end":{"line":42,"column":3}},"20":{"start":{"line":37,"column":2},"end":{"line":37,"column":18}},"21":{"start":{"line":38,"column":2},"end":{"line":41,"column":5}},"22":{"start":{"line":43,"column":0},"end":{"line":43,"column":21}}},"fnMap":{"0":{"name":"(anonymous_0)","decl":{"start":{"line":17,"column":8},"end":{"line":17,"column":9}},"loc":{"start":{"line":17,"column":34},"end":{"line":22,"column":1}},"line":17},"1":{"name":"(anonymous_1)","decl":{"start":{"line":31,"column":8},"end":{"line":31,"column":9}},"loc":{"start":{"line":31,"column":39},"end":{"line":33,"column":1}},"line":31},"2":{"name":"(anonymous_2)","decl":{"start":{"line":36,"column":8},"end":{"line":36,"column":9}},"loc":{"start":{"line":36,"column":34},"end":{"line":42,"column":1}},"line":36}},"branchMap":{},"s":{"0":1,"1":1,"2":1,"3":1,"4":1,"5":1,"6":1,"7":1,"8":1,"9":60,"10":60,"11":60,"12":60,"13":1,"14":1,"15":1,"16":1,"17":1,"18":4,"19":1,"20":5,"21":5,"22":1},"f":{"0":60,"1":4,"2":5},"b":{},"inputSourceMap":{"version":3,"sources":["app.js"],"names":["express","require","bodyParser","routes","handleError","cloudinaryConfig","app","use","req","res","next","setHeader","urlencoded","extended","json","err","status","error","module","exports"],"mappings":";;AAAA,IAAMA,OAAO,GAAGC,OAAO,CAAC,SAAD,CAAvB;;AACA,IAAMC,UAAU,GAAGD,OAAO,CAAC,aAAD,CAA1B,C,CACA;;;AACA,IAAME,MAAM,GAAGF,OAAO,CAAC,iBAAD,CAAtB;;eACwBA,OAAO,CAAC,yBAAD,C;IAAvBG,W,YAAAA,W;;gBACqBH,OAAO,CAAC,wBAAD,C;IAA5BI,gB,aAAAA,gB;;AAER,IAAMC,GAAG,GAAGN,OAAO,EAAnB;AAEAM,GAAG,CAACC,GAAJ,CAAQ,UAACC,GAAD,EAAMC,GAAN,EAAWC,IAAX,EAAoB;AAC1BD,EAAAA,GAAG,CAACE,SAAJ,CAAc,6BAAd,EAA6C,GAA7C;AACAF,EAAAA,GAAG,CAACE,SAAJ,CACE,8BADF,EAEE,wEAFF;AAIAF,EAAAA,GAAG,CAACE,SAAJ,CAAc,8BAAd,EAA8C,8BAA9C;AACAD,EAAAA,IAAI;AACL,CARD;AASAJ,GAAG,CAACC,GAAJ,CACEL,UAAU,CAACU,UAAX,CAAsB;AACpBC,EAAAA,QAAQ,EAAE;AADU,CAAtB,CADF;AAKAP,GAAG,CAACC,GAAJ,CAAQL,UAAU,CAACY,IAAX,EAAR,E,CAEA;;AAEAR,GAAG,CAACC,GAAJ,CAAQ,GAAR,EAAaF,gBAAb;AAEAC,GAAG,CAACC,GAAJ,CAAQ,GAAR,EAAaJ,MAAb,E,CAEA;;AACAG,GAAG,CAACC,GAAJ,CAAQ,UAACQ,GAAD,EAAMP,GAAN,EAAWC,GAAX,EAAgBC,IAAhB,EAAyB;AAC/BN,EAAAA,WAAW,CAACW,GAAD,EAAMN,GAAN,CAAX;AACD,CAFD,E,CAGA;AACA;;AACAH,GAAG,CAACC,GAAJ,CAAQ,UAACC,GAAD,EAAMC,GAAN,EAAWC,IAAX,EAAoB;AAC1BD,EAAAA,GAAG,CAACO,MAAJ,CAAW,GAAX;AACAP,EAAAA,GAAG,CAACK,IAAJ,CAAS;AACPE,IAAAA,MAAM,EAAE,OADD;AAEPC,IAAAA,KAAK,EAAE;AAFA,GAAT;AAID,CAND;AAQAC,MAAM,CAACC,OAAP,GAAiBb,GAAjB","sourceRoot":"F:\\MyLearning\\Capstone-project\\Teamwork-Backend-API\\src","sourcesContent":["const express = require('express');\r\nconst bodyParser = require('body-parser');\r\n// const { resolve } = require('path');\r\nconst routes = require('./routes/routes');\r\nconst { handleError } = require('./auth/middleware/error');\r\nconst { cloudinaryConfig } = require('../cloudinaryConfig.js');\r\n\r\nconst app = express();\r\n\r\napp.use((req, res, next) => {\r\n  res.setHeader('Access-Control-Allow-Origin', '*');\r\n  res.setHeader(\r\n    'Access-Control-Allow-Headers',\r\n    'Origin, X-Requested-With, Content, Accept, Content-Type, Authorization'\r\n  );\r\n  res.setHeader('Access-Control-Allow-Methods', 'GET, POST, PUT, DELETE,PATCH');\r\n  next();\r\n});\r\napp.use(\r\n  bodyParser.urlencoded({\r\n    extended: true\r\n  })\r\n);\r\napp.use(bodyParser.json());\r\n\r\n// app.use(express.static(resolve(__dirname, 'src')));\r\n\r\napp.use('*', cloudinaryConfig);\r\n\r\napp.use('/', routes);\r\n\r\n// eslint-disable-next-line no-unused-vars\r\napp.use((err, req, res, next) => {\r\n  handleError(err, res);\r\n});\r\n// handle all not found errors here\r\n// eslint-disable-next-line no-unused-vars\r\napp.use((req, res, next) => {\r\n  res.status(404);\r\n  res.json({\r\n    status: 'error',\r\n    error: 'Route not found'\r\n  });\r\n});\r\n\r\nmodule.exports = app;\r\n"]},"_coverageSchema":"1a1c01bbd47fc00a2c39e90264f33305004495a9","hash":"65f7817da45777ae0adc1bf99a20fe1f9cdc4c02","contentHash":"dd71725ef3d2368ff00313854a2bfa5b9c9abdf9ac7052715ac9cc2e1119c010"},"F:\\MyLearning\\Capstone-project\\Teamwork-Backend-API\\src\\routes\\routes.js":{"path":"F:\\MyLearning\\Capstone-project\\Teamwork-Backend-API\\src\\routes\\routes.js","statementMap":{"0":{"start":{"line":3,"column":14},"end":{"line":3,"column":32}},"1":{"start":{"line":5,"column":13},"end":{"line":5,"column":29}},"2":{"start":{"line":7,"column":15},"end":{"line":7,"column":45}},"3":{"start":{"line":9,"column":0},"end":{"line":9,"column":21}},"4":{"start":{"line":10,"column":0},"end":{"line":10,"column":24}}},"fnMap":{},"branchMap":{},"s":{"0":1,"1":1,"2":1,"3":1,"4":1},"f":{},"b":{},"inputSourceMap":{"version":3,"sources":["routes.js"],"names":["express","require","router","Router","routesV1","use","module","exports"],"mappings":";;AAAA,IAAMA,OAAO,GAAGC,OAAO,CAAC,SAAD,CAAvB;;AAEA,IAAMC,MAAM,GAAGF,OAAO,CAACG,MAAR,EAAf;;AAEA,IAAMC,QAAQ,GAAGH,OAAO,CAAC,qBAAD,CAAxB;;AAEAC,MAAM,CAACG,GAAP,CAAWD,QAAX;AAEAE,MAAM,CAACC,OAAP,GAAiBL,MAAjB","sourceRoot":"F:\\MyLearning\\Capstone-project\\Teamwork-Backend-API\\src\\routes","sourcesContent":["const express = require('express');\r\n\r\nconst router = express.Router();\r\n\r\nconst routesV1 = require('../routes/routes_v1');\r\n\r\nrouter.use(routesV1);\r\n\r\nmodule.exports = router;\r\n"]},"_coverageSchema":"1a1c01bbd47fc00a2c39e90264f33305004495a9","hash":"f2189d8c547dca40f9c2f4eb12d02cccd64859e2","contentHash":"8552ea5dabf699363756b569fbb43045a20e1dff408a281ed67bff8a1f68369a"},"F:\\MyLearning\\Capstone-project\\Teamwork-Backend-API\\src\\routes\\routes_v1.js":{"path":"F:\\MyLearning\\Capstone-project\\Teamwork-Backend-API\\src\\routes\\routes_v1.js","statementMap":{"0":{"start":{"line":3,"column":14},"end":{"line":3,"column":32}},"1":{"start":{"line":5,"column":13},"end":{"line":5,"column":29}},"2":{"start":{"line":7,"column":12},"end":{"line":7,"column":50}},"3":{"start":{"line":9,"column":15},"end":{"line":9,"column":56}},"4":{"start":{"line":11,"column":11},"end":{"line":11,"column":48}},"5":{"start":{"line":13,"column":18},"end":{"line":13,"column":64}},"6":{"start":{"line":15,"column":22},"end":{"line":15,"column":71}},"7":{"start":{"line":17,"column":17},"end":{"line":17,"column":60}},"8":{"start":{"line":19,"column":0},"end":{"line":19,"column":29}},"9":{"start":{"line":20,"column":0},"end":{"line":20,"column":32}},"10":{"start":{"line":21,"column":0},"end":{"line":21,"column":28}},"11":{"start":{"line":22,"column":0},"end":{"line":22,"column":35}},"12":{"start":{"line":23,"column":0},"end":{"line":23,"column":39}},"13":{"start":{"line":24,"column":0},"end":{"line":24,"column":34}},"14":{"start":{"line":25,"column":0},"end":{"line":25,"column":24}}},"fnMap":{},"branchMap":{},"s":{"0":1,"1":1,"2":1,"3":1,"4":1,"5":1,"6":1,"7":1,"8":1,"9":1,"10":1,"11":1,"12":1,"13":1,"14":1},"f":{},"b":{},"inputSourceMap":{"version":3,"sources":["routes_v1.js"],"names":["express","require","router","Router","users","articles","gifs","gifComments","articleComments","authRoutes","use","module","exports"],"mappings":";;AAAA,IAAMA,OAAO,GAAGC,OAAO,CAAC,SAAD,CAAvB;;AAEA,IAAMC,MAAM,GAAGF,OAAO,CAACG,MAAR,EAAf;;AAEA,IAAMC,KAAK,GAAGH,OAAO,CAAC,6BAAD,CAArB;;AACA,IAAMI,QAAQ,GAAGJ,OAAO,CAAC,gCAAD,CAAxB;;AACA,IAAMK,IAAI,GAAGL,OAAO,CAAC,4BAAD,CAApB;;AACA,IAAMM,WAAW,GAAGN,OAAO,CAAC,qCAAD,CAA3B;;AACA,IAAMO,eAAe,GAAGP,OAAO,CAAC,wCAAD,CAA/B;;AACA,IAAMQ,UAAU,GAAGR,OAAO,CAAC,kCAAD,CAA1B;;AAEAC,MAAM,CAACQ,GAAP,CAAW,SAAX,EAAsBN,KAAtB;AACAF,MAAM,CAACQ,GAAP,CAAW,SAAX,EAAsBL,QAAtB;AACAH,MAAM,CAACQ,GAAP,CAAW,SAAX,EAAsBJ,IAAtB;AACAJ,MAAM,CAACQ,GAAP,CAAW,SAAX,EAAsBH,WAAtB;AACAL,MAAM,CAACQ,GAAP,CAAW,SAAX,EAAsBF,eAAtB;AACAN,MAAM,CAACQ,GAAP,CAAW,SAAX,EAAsBD,UAAtB;AAEAE,MAAM,CAACC,OAAP,GAAiBV,MAAjB","sourceRoot":"F:\\MyLearning\\Capstone-project\\Teamwork-Backend-API\\src\\routes","sourcesContent":["const express = require('express');\r\n\r\nconst router = express.Router();\r\n\r\nconst users = require('../routes/controllers/users');\r\nconst articles = require('../routes/controllers/articles');\r\nconst gifs = require('../routes/controllers/gifs');\r\nconst gifComments = require('../routes/controllers/gifs_comments');\r\nconst articleComments = require('../routes/controllers/articles_comment');\r\nconst authRoutes = require('../routes/controllers/auth_login');\r\n\r\nrouter.use('/api/v1', users);\r\nrouter.use('/api/v1', articles);\r\nrouter.use('/api/v1', gifs);\r\nrouter.use('/api/v1', gifComments);\r\nrouter.use('/api/v1', articleComments);\r\nrouter.use('/api/v1', authRoutes);\r\n\r\nmodule.exports = router;\r\n"]},"_coverageSchema":"1a1c01bbd47fc00a2c39e90264f33305004495a9","hash":"a25dd0b9993368e4651a4d3ad7bc9eaf408399d5","contentHash":"8de78ee366311e1aebeb2ea94d95d6844d8811494aac9350283fa9f0dfd4315b"},"F:\\MyLearning\\Capstone-project\\Teamwork-Backend-API\\src\\routes\\controllers\\users.js":{"path":"F:\\MyLearning\\Capstone-project\\Teamwork-Backend-API\\src\\routes\\controllers\\users.js","statementMap":{"0":{"start":{"line":3,"column":14},"end":{"line":3,"column":32}},"1":{"start":{"line":5,"column":13},"end":{"line":5,"column":29}},"2":{"start":{"line":7,"column":11},"end":{"line":7,"column":51}},"3":{"start":{"line":9,"column":0},"end":{"line":15,"column":3}},"4":{"start":{"line":10,"column":2},"end":{"line":10,"column":18}},"5":{"start":{"line":11,"column":2},"end":{"line":14,"column":5}},"6":{"start":{"line":16,"column":0},"end":{"line":22,"column":3}},"7":{"start":{"line":17,"column":2},"end":{"line":17,"column":18}},"8":{"start":{"line":18,"column":2},"end":{"line":21,"column":5}},"9":{"start":{"line":23,"column":0},"end":{"line":29,"column":3}},"10":{"start":{"line":24,"column":2},"end":{"line":24,"column":18}},"11":{"start":{"line":25,"column":2},"end":{"line":28,"column":5}},"12":{"start":{"line":30,"column":0},"end":{"line":30,"column":24}}},"fnMap":{"0":{"name":"(anonymous_0)","decl":{"start":{"line":9,"column":47},"end":{"line":9,"column":48}},"loc":{"start":{"line":9,"column":67},"end":{"line":15,"column":1}},"line":9},"1":{"name":"(anonymous_1)","decl":{"start":{"line":16,"column":39},"end":{"line":16,"column":40}},"loc":{"start":{"line":16,"column":59},"end":{"line":22,"column":1}},"line":16},"2":{"name":"(anonymous_2)","decl":{"start":{"line":23,"column":52},"end":{"line":23,"column":53}},"loc":{"start":{"line":23,"column":72},"end":{"line":29,"column":1}},"line":23}},"branchMap":{},"s":{"0":1,"1":1,"2":1,"3":1,"4":0,"5":0,"6":1,"7":0,"8":0,"9":1,"10":0,"11":0,"12":1},"f":{"0":0,"1":0,"2":0},"b":{},"inputSourceMap":{"version":3,"sources":["users.js"],"names":["express","require","router","Router","Auth","get","verifyToken","req","res","status","json","message","put","module","exports"],"mappings":";;AAAA,IAAMA,OAAO,GAAGC,OAAO,CAAC,SAAD,CAAvB;;AAEA,IAAMC,MAAM,GAAGF,OAAO,CAACG,MAAR,EAAf;;AACA,IAAMC,IAAI,GAAGH,OAAO,CAAC,+BAAD,CAApB;;AAEAC,MAAM,CAACG,GAAP,CAAW,gBAAX,EAA6BD,IAAI,CAACE,WAAlC,EAA+C,UAACC,GAAD,EAAMC,GAAN,EAAc;AAC3DA,EAAAA,GAAG,CAACC,MAAJ,CAAW,GAAX;AACAD,EAAAA,GAAG,CAACE,IAAJ,CAAS;AACPD,IAAAA,MAAM,EAAE,SADD;AAEPE,IAAAA,OAAO,EAAE;AAFF,GAAT;AAID,CAND;AAQAT,MAAM,CAACG,GAAP,CAAW,QAAX,EAAqBD,IAAI,CAACE,WAA1B,EAAuC,UAACC,GAAD,EAAMC,GAAN,EAAc;AACnDA,EAAAA,GAAG,CAACC,MAAJ,CAAW,GAAX;AACAD,EAAAA,GAAG,CAACE,IAAJ,CAAS;AACPD,IAAAA,MAAM,EAAE,SADD;AAEPE,IAAAA,OAAO,EAAE;AAFF,GAAT;AAID,CAND;AAQAT,MAAM,CAACU,GAAP,CAAW,qBAAX,EAAkCR,IAAI,CAACE,WAAvC,EAAoD,UAACC,GAAD,EAAMC,GAAN,EAAc;AAChEA,EAAAA,GAAG,CAACC,MAAJ,CAAW,GAAX;AACAD,EAAAA,GAAG,CAACE,IAAJ,CAAS;AACPD,IAAAA,MAAM,EAAE,SADD;AAEPE,IAAAA,OAAO,EAAE;AAFF,GAAT;AAID,CAND;AAQAE,MAAM,CAACC,OAAP,GAAiBZ,MAAjB","sourceRoot":"F:\\MyLearning\\Capstone-project\\Teamwork-Backend-API\\src\\routes\\controllers","sourcesContent":["const express = require('express');\r\n\r\nconst router = express.Router();\r\nconst Auth = require('../../auth/middleware/auth.js');\r\n\r\nrouter.get('/users/:userId', Auth.verifyToken, (req, res) => {\r\n  res.status(200);\r\n  res.json({\r\n    status: 'success',\r\n    message: 'Welcome to Api v1'\r\n  });\r\n});\r\n\r\nrouter.get('/users', Auth.verifyToken, (req, res) => {\r\n  res.status(200);\r\n  res.json({\r\n    status: 'success',\r\n    message: 'Welcome to Api v1'\r\n  });\r\n});\r\n\r\nrouter.put('/users/:userId/type', Auth.verifyToken, (req, res) => {\r\n  res.status(200);\r\n  res.json({\r\n    status: 'success',\r\n    message: 'Welcome to Api v1'\r\n  });\r\n});\r\n\r\nmodule.exports = router;\r\n"]},"_coverageSchema":"1a1c01bbd47fc00a2c39e90264f33305004495a9","hash":"802e809129121304f62dafcacf8a18375bef5231","contentHash":"b4c102aa0e7ad6cae63f003644348c37220aacee0186b638f5cd850b231bb81e"},"F:\\MyLearning\\Capstone-project\\Teamwork-Backend-API\\src\\auth\\middleware\\auth.js":{"path":"F:\\MyLearning\\Capstone-project\\Teamwork-Backend-API\\src\\auth\\middleware\\auth.js","statementMap":{"0":{"start":{"line":3,"column":29},"end":{"line":3,"column":84}},"1":{"start":{"line":5,"column":19},"end":{"line":5,"column":80}},"2":{"start":{"line":7,"column":0},"end":{"line":7,"column":27}},"3":{"start":{"line":9,"column":10},"end":{"line":9,"column":33}},"4":{"start":{"line":11,"column":12},"end":{"line":11,"column":58}},"5":{"start":{"line":13,"column":9},"end":{"line":13,"column":37}},"6":{"start":{"line":15,"column":15},"end":{"line":15,"column":53}},"7":{"start":{"line":16,"column":19},"end":{"line":16,"column":40}},"8":{"start":{"line":18,"column":11},"end":{"line":279,"column":1}},"9":{"start":{"line":23,"column":4},"end":{"line":149,"column":30}},"10":{"start":{"line":24,"column":6},"end":{"line":148,"column":7}},"11":{"start":{"line":25,"column":8},"end":{"line":147,"column":9}},"12":{"start":{"line":27,"column":12},"end":{"line":27,"column":30}},"13":{"start":{"line":29,"column":12},"end":{"line":32,"column":13}},"14":{"start":{"line":30,"column":14},"end":{"line":30,"column":32}},"15":{"start":{"line":31,"column":14},"end":{"line":31,"column":20}},"16":{"start":{"line":34,"column":12},"end":{"line":34,"column":65}},"17":{"start":{"line":37,"column":12},"end":{"line":40,"column":13}},"18":{"start":{"line":38,"column":14},"end":{"line":38,"column":33}},"19":{"start":{"line":39,"column":14},"end":{"line":39,"column":20}},"20":{"start":{"line":42,"column":12},"end":{"line":42,"column":30}},"21":{"start":{"line":43,"column":12},"end":{"line":43,"column":68}},"22":{"start":{"line":46,"column":12},"end":{"line":46,"column":34}},"23":{"start":{"line":47,"column":12},"end":{"line":47,"column":44}},"24":{"start":{"line":48,"column":12},"end":{"line":48,"column":31}},"25":{"start":{"line":49,"column":12},"end":{"line":49,"column":80}},"26":{"start":{"line":52,"column":12},"end":{"line":52,"column":36}},"27":{"start":{"line":53,"column":12},"end":{"line":53,"column":34}},"28":{"start":{"line":55,"column":12},"end":{"line":55,"column":59}},"29":{"start":{"line":56,"column":12},"end":{"line":56,"column":31}},"30":{"start":{"line":57,"column":12},"end":{"line":57,"column":73}},"31":{"start":{"line":60,"column":12},"end":{"line":60,"column":33}},"32":{"start":{"line":61,"column":12},"end":{"line":61,"column":29}},"33":{"start":{"line":63,"column":12},"end":{"line":66,"column":13}},"34":{"start":{"line":64,"column":14},"end":{"line":64,"column":33}},"35":{"start":{"line":65,"column":14},"end":{"line":65,"column":20}},"36":{"start":{"line":68,"column":12},"end":{"line":68,"column":58}},"37":{"start":{"line":71,"column":12},"end":{"line":74,"column":13}},"38":{"start":{"line":72,"column":14},"end":{"line":72,"column":33}},"39":{"start":{"line":73,"column":14},"end":{"line":73,"column":20}},"40":{"start":{"line":76,"column":12},"end":{"line":76,"column":62}},"41":{"start":{"line":79,"column":12},"end":{"line":81,"column":14}},"42":{"start":{"line":82,"column":12},"end":{"line":82,"column":19}},"43":{"start":{"line":85,"column":12},"end":{"line":85,"column":31}},"44":{"start":{"line":86,"column":12},"end":{"line":86,"column":18}},"45":{"start":{"line":89,"column":12},"end":{"line":92,"column":13}},"46":{"start":{"line":90,"column":14},"end":{"line":90,"column":33}},"47":{"start":{"line":91,"column":14},"end":{"line":91,"column":20}},"48":{"start":{"line":94,"column":12},"end":{"line":94,"column":61}},"49":{"start":{"line":95,"column":12},"end":{"line":95,"column":45}},"50":{"start":{"line":96,"column":12},"end":{"line":96,"column":31}},"51":{"start":{"line":97,"column":12},"end":{"line":97,"column":82}},"52":{"start":{"line":100,"column":12},"end":{"line":100,"column":37}},"53":{"start":{"line":101,"column":12},"end":{"line":101,"column":36}},"54":{"start":{"line":103,"column":12},"end":{"line":103,"column":60}},"55":{"start":{"line":104,"column":12},"end":{"line":104,"column":31}},"56":{"start":{"line":105,"column":12},"end":{"line":105,"column":75}},"57":{"start":{"line":108,"column":12},"end":{"line":108,"column":34}},"58":{"start":{"line":109,"column":12},"end":{"line":109,"column":31}},"59":{"start":{"line":111,"column":12},"end":{"line":114,"column":13}},"60":{"start":{"line":112,"column":14},"end":{"line":112,"column":33}},"61":{"start":{"line":113,"column":14},"end":{"line":113,"column":20}},"62":{"start":{"line":116,"column":12},"end":{"line":116,"column":58}},"63":{"start":{"line":119,"column":12},"end":{"line":119,"column":62}},"64":{"start":{"line":121,"column":12},"end":{"line":124,"column":13}},"65":{"start":{"line":122,"column":14},"end":{"line":122,"column":33}},"66":{"start":{"line":123,"column":14},"end":{"line":123,"column":20}},"67":{"start":{"line":126,"column":12},"end":{"line":126,"column":62}},"68":{"start":{"line":129,"column":12},"end":{"line":131,"column":14}},"69":{"start":{"line":132,"column":12},"end":{"line":132,"column":19}},"70":{"start":{"line":135,"column":12},"end":{"line":135,"column":31}},"71":{"start":{"line":136,"column":12},"end":{"line":136,"column":18}},"72":{"start":{"line":139,"column":12},"end":{"line":139,"column":31}},"73":{"start":{"line":140,"column":12},"end":{"line":140,"column":47}},"74":{"start":{"line":141,"column":12},"end":{"line":141,"column":31}},"75":{"start":{"line":142,"column":12},"end":{"line":142,"column":30}},"76":{"start":{"line":146,"column":12},"end":{"line":146,"column":35}},"77":{"start":{"line":155,"column":4},"end":{"line":277,"column":30}},"78":{"start":{"line":156,"column":6},"end":{"line":276,"column":7}},"79":{"start":{"line":157,"column":8},"end":{"line":275,"column":9}},"80":{"start":{"line":159,"column":12},"end":{"line":159,"column":31}},"81":{"start":{"line":161,"column":12},"end":{"line":164,"column":13}},"82":{"start":{"line":162,"column":14},"end":{"line":162,"column":33}},"83":{"start":{"line":163,"column":14},"end":{"line":163,"column":20}},"84":{"start":{"line":166,"column":12},"end":{"line":166,"column":65}},"85":{"start":{"line":169,"column":12},"end":{"line":172,"column":13}},"86":{"start":{"line":170,"column":14},"end":{"line":170,"column":34}},"87":{"start":{"line":171,"column":14},"end":{"line":171,"column":20}},"88":{"start":{"line":174,"column":12},"end":{"line":174,"column":31}},"89":{"start":{"line":175,"column":12},"end":{"line":175,"column":68}},"90":{"start":{"line":178,"column":12},"end":{"line":178,"column":35}},"91":{"start":{"line":179,"column":12},"end":{"line":179,"column":44}},"92":{"start":{"line":180,"column":12},"end":{"line":180,"column":32}},"93":{"start":{"line":181,"column":12},"end":{"line":181,"column":80}},"94":{"start":{"line":184,"column":12},"end":{"line":184,"column":37}},"95":{"start":{"line":185,"column":12},"end":{"line":185,"column":34}},"96":{"start":{"line":186,"column":12},"end":{"line":186,"column":81}},"97":{"start":{"line":187,"column":12},"end":{"line":187,"column":32}},"98":{"start":{"line":188,"column":12},"end":{"line":188,"column":81}},"99":{"start":{"line":191,"column":12},"end":{"line":191,"column":35}},"100":{"start":{"line":192,"column":12},"end":{"line":192,"column":30}},"101":{"start":{"line":194,"column":12},"end":{"line":197,"column":13}},"102":{"start":{"line":195,"column":14},"end":{"line":195,"column":34}},"103":{"start":{"line":196,"column":14},"end":{"line":196,"column":20}},"104":{"start":{"line":199,"column":12},"end":{"line":199,"column":78}},"105":{"start":{"line":202,"column":12},"end":{"line":205,"column":13}},"106":{"start":{"line":203,"column":14},"end":{"line":203,"column":34}},"107":{"start":{"line":204,"column":14},"end":{"line":204,"column":20}},"108":{"start":{"line":207,"column":12},"end":{"line":207,"column":62}},"109":{"start":{"line":210,"column":12},"end":{"line":212,"column":14}},"110":{"start":{"line":213,"column":12},"end":{"line":213,"column":19}},"111":{"start":{"line":214,"column":12},"end":{"line":214,"column":32}},"112":{"start":{"line":215,"column":12},"end":{"line":215,"column":18}},"113":{"start":{"line":218,"column":12},"end":{"line":221,"column":13}},"114":{"start":{"line":219,"column":14},"end":{"line":219,"column":34}},"115":{"start":{"line":220,"column":14},"end":{"line":220,"column":20}},"116":{"start":{"line":223,"column":12},"end":{"line":223,"column":62}},"117":{"start":{"line":224,"column":12},"end":{"line":224,"column":46}},"118":{"start":{"line":225,"column":12},"end":{"line":225,"column":32}},"119":{"start":{"line":226,"column":12},"end":{"line":226,"column":84}},"120":{"start":{"line":229,"column":12},"end":{"line":229,"column":39}},"121":{"start":{"line":230,"column":12},"end":{"line":230,"column":38}},"122":{"start":{"line":231,"column":12},"end":{"line":231,"column":29}},"123":{"start":{"line":232,"column":12},"end":{"line":232,"column":26}},"124":{"start":{"line":233,"column":12},"end":{"line":233,"column":83}},"125":{"start":{"line":234,"column":12},"end":{"line":234,"column":32}},"126":{"start":{"line":235,"column":12},"end":{"line":235,"column":85}},"127":{"start":{"line":238,"column":12},"end":{"line":238,"column":35}},"128":{"start":{"line":239,"column":12},"end":{"line":239,"column":32}},"129":{"start":{"line":241,"column":12},"end":{"line":244,"column":13}},"130":{"start":{"line":242,"column":14},"end":{"line":242,"column":34}},"131":{"start":{"line":243,"column":14},"end":{"line":243,"column":20}},"132":{"start":{"line":246,"column":12},"end":{"line":246,"column":78}},"133":{"start":{"line":249,"column":12},"end":{"line":252,"column":13}},"134":{"start":{"line":250,"column":14},"end":{"line":250,"column":34}},"135":{"start":{"line":251,"column":14},"end":{"line":251,"column":20}},"136":{"start":{"line":254,"column":12},"end":{"line":254,"column":62}},"137":{"start":{"line":257,"column":12},"end":{"line":259,"column":14}},"138":{"start":{"line":260,"column":12},"end":{"line":260,"column":19}},"139":{"start":{"line":263,"column":12},"end":{"line":263,"column":32}},"140":{"start":{"line":264,"column":12},"end":{"line":264,"column":18}},"141":{"start":{"line":267,"column":12},"end":{"line":267,"column":32}},"142":{"start":{"line":268,"column":12},"end":{"line":268,"column":49}},"143":{"start":{"line":269,"column":12},"end":{"line":269,"column":32}},"144":{"start":{"line":270,"column":12},"end":{"line":270,"column":31}},"145":{"start":{"line":274,"column":12},"end":{"line":274,"column":36}},"146":{"start":{"line":280,"column":0},"end":{"line":280,"column":22}}},"fnMap":{"0":{"name":"verifyToken","decl":{"start":{"line":20,"column":24},"end":{"line":20,"column":35}},"loc":{"start":{"line":20,"column":52},"end":{"line":150,"column":3}},"line":20},"1":{"name":"verifyToken$","decl":{"start":{"line":23,"column":50},"end":{"line":23,"column":62}},"loc":{"start":{"line":23,"column":73},"end":{"line":149,"column":5}},"line":23},"2":{"name":"verifyTokenAdmin","decl":{"start":{"line":152,"column":29},"end":{"line":152,"column":45}},"loc":{"start":{"line":152,"column":62},"end":{"line":278,"column":3}},"line":152},"3":{"name":"verifyTokenAdmin$","decl":{"start":{"line":155,"column":50},"end":{"line":155,"column":67}},"loc":{"start":{"line":155,"column":79},"end":{"line":277,"column":5}},"line":155}},"branchMap":{"0":{"loc":{"start":{"line":25,"column":8},"end":{"line":147,"column":9}},"type":"switch","locations":[{"start":{"line":26,"column":10},"end":{"line":34,"column":65}},{"start":{"line":36,"column":10},"end":{"line":43,"column":68}},{"start":{"line":45,"column":10},"end":{"line":49,"column":80}},{"start":{"line":51,"column":10},"end":{"line":57,"column":73}},{"start":{"line":59,"column":10},"end":{"line":68,"column":58}},{"start":{"line":70,"column":10},"end":{"line":76,"column":62}},{"start":{"line":78,"column":10},"end":{"line":82,"column":19}},{"start":{"line":84,"column":10},"end":{"line":86,"column":18}},{"start":{"line":88,"column":10},"end":{"line":97,"column":82}},{"start":{"line":99,"column":10},"end":{"line":105,"column":75}},{"start":{"line":107,"column":10},"end":{"line":116,"column":58}},{"start":{"line":118,"column":10},"end":{"line":126,"column":62}},{"start":{"line":128,"column":10},"end":{"line":132,"column":19}},{"start":{"line":134,"column":10},"end":{"line":136,"column":18}},{"start":{"line":138,"column":10},"end":{"line":142,"column":30}},{"start":{"line":144,"column":10},"end":{"line":144,"column":18}},{"start":{"line":145,"column":10},"end":{"line":146,"column":35}}],"line":25},"1":{"loc":{"start":{"line":29,"column":12},"end":{"line":32,"column":13}},"type":"if","locations":[{"start":{"line":29,"column":12},"end":{"line":32,"column":13}},{"start":{"line":29,"column":12},"end":{"line":32,"column":13}}],"line":29},"2":{"loc":{"start":{"line":29,"column":18},"end":{"line":29,"column":66}},"type":"binary-expr","locations":[{"start":{"line":29,"column":18},"end":{"line":29,"column":36}},{"start":{"line":29,"column":40},"end":{"line":29,"column":66}}],"line":29},"3":{"loc":{"start":{"line":37,"column":12},"end":{"line":40,"column":13}},"type":"if","locations":[{"start":{"line":37,"column":12},"end":{"line":40,"column":13}},{"start":{"line":37,"column":12},"end":{"line":40,"column":13}}],"line":37},"4":{"loc":{"start":{"line":63,"column":12},"end":{"line":66,"column":13}},"type":"if","locations":[{"start":{"line":63,"column":12},"end":{"line":66,"column":13}},{"start":{"line":63,"column":12},"end":{"line":66,"column":13}}],"line":63},"5":{"loc":{"start":{"line":71,"column":12},"end":{"line":74,"column":13}},"type":"if","locations":[{"start":{"line":71,"column":12},"end":{"line":74,"column":13}},{"start":{"line":71,"column":12},"end":{"line":74,"column":13}}],"line":71},"6":{"loc":{"start":{"line":71,"column":18},"end":{"line":71,"column":61}},"type":"binary-expr","locations":[{"start":{"line":71,"column":18},"end":{"line":71,"column":33}},{"start":{"line":71,"column":37},"end":{"line":71,"column":61}}],"line":71},"7":{"loc":{"start":{"line":89,"column":12},"end":{"line":92,"column":13}},"type":"if","locations":[{"start":{"line":89,"column":12},"end":{"line":92,"column":13}},{"start":{"line":89,"column":12},"end":{"line":92,"column":13}}],"line":89},"8":{"loc":{"start":{"line":111,"column":12},"end":{"line":114,"column":13}},"type":"if","locations":[{"start":{"line":111,"column":12},"end":{"line":114,"column":13}},{"start":{"line":111,"column":12},"end":{"line":114,"column":13}}],"line":111},"9":{"loc":{"start":{"line":121,"column":12},"end":{"line":124,"column":13}},"type":"if","locations":[{"start":{"line":121,"column":12},"end":{"line":124,"column":13}},{"start":{"line":121,"column":12},"end":{"line":124,"column":13}}],"line":121},"10":{"loc":{"start":{"line":121,"column":18},"end":{"line":121,"column":62}},"type":"binary-expr","locations":[{"start":{"line":121,"column":18},"end":{"line":121,"column":33}},{"start":{"line":121,"column":37},"end":{"line":121,"column":62}}],"line":121},"11":{"loc":{"start":{"line":157,"column":8},"end":{"line":275,"column":9}},"type":"switch","locations":[{"start":{"line":158,"column":10},"end":{"line":166,"column":65}},{"start":{"line":168,"column":10},"end":{"line":175,"column":68}},{"start":{"line":177,"column":10},"end":{"line":181,"column":80}},{"start":{"line":183,"column":10},"end":{"line":188,"column":81}},{"start":{"line":190,"column":10},"end":{"line":199,"column":78}},{"start":{"line":201,"column":10},"end":{"line":207,"column":62}},{"start":{"line":209,"column":10},"end":{"line":215,"column":18}},{"start":{"line":217,"column":10},"end":{"line":226,"column":84}},{"start":{"line":228,"column":10},"end":{"line":235,"column":85}},{"start":{"line":237,"column":10},"end":{"line":246,"column":78}},{"start":{"line":248,"column":10},"end":{"line":254,"column":62}},{"start":{"line":256,"column":10},"end":{"line":260,"column":19}},{"start":{"line":262,"column":10},"end":{"line":264,"column":18}},{"start":{"line":266,"column":10},"end":{"line":270,"column":31}},{"start":{"line":272,"column":10},"end":{"line":272,"column":18}},{"start":{"line":273,"column":10},"end":{"line":274,"column":36}}],"line":157},"12":{"loc":{"start":{"line":161,"column":12},"end":{"line":164,"column":13}},"type":"if","locations":[{"start":{"line":161,"column":12},"end":{"line":164,"column":13}},{"start":{"line":161,"column":12},"end":{"line":164,"column":13}}],"line":161},"13":{"loc":{"start":{"line":161,"column":18},"end":{"line":161,"column":66}},"type":"binary-expr","locations":[{"start":{"line":161,"column":18},"end":{"line":161,"column":36}},{"start":{"line":161,"column":40},"end":{"line":161,"column":66}}],"line":161},"14":{"loc":{"start":{"line":169,"column":12},"end":{"line":172,"column":13}},"type":"if","locations":[{"start":{"line":169,"column":12},"end":{"line":172,"column":13}},{"start":{"line":169,"column":12},"end":{"line":172,"column":13}}],"line":169},"15":{"loc":{"start":{"line":194,"column":12},"end":{"line":197,"column":13}},"type":"if","locations":[{"start":{"line":194,"column":12},"end":{"line":197,"column":13}},{"start":{"line":194,"column":12},"end":{"line":197,"column":13}}],"line":194},"16":{"loc":{"start":{"line":202,"column":12},"end":{"line":205,"column":13}},"type":"if","locations":[{"start":{"line":202,"column":12},"end":{"line":205,"column":13}},{"start":{"line":202,"column":12},"end":{"line":205,"column":13}}],"line":202},"17":{"loc":{"start":{"line":202,"column":18},"end":{"line":202,"column":61}},"type":"binary-expr","locations":[{"start":{"line":202,"column":18},"end":{"line":202,"column":33}},{"start":{"line":202,"column":37},"end":{"line":202,"column":61}}],"line":202},"18":{"loc":{"start":{"line":218,"column":12},"end":{"line":221,"column":13}},"type":"if","locations":[{"start":{"line":218,"column":12},"end":{"line":221,"column":13}},{"start":{"line":218,"column":12},"end":{"line":221,"column":13}}],"line":218},"19":{"loc":{"start":{"line":241,"column":12},"end":{"line":244,"column":13}},"type":"if","locations":[{"start":{"line":241,"column":12},"end":{"line":244,"column":13}},{"start":{"line":241,"column":12},"end":{"line":244,"column":13}}],"line":241},"20":{"loc":{"start":{"line":249,"column":12},"end":{"line":252,"column":13}},"type":"if","locations":[{"start":{"line":249,"column":12},"end":{"line":252,"column":13}},{"start":{"line":249,"column":12},"end":{"line":252,"column":13}}],"line":249},"21":{"loc":{"start":{"line":249,"column":18},"end":{"line":249,"column":63}},"type":"binary-expr","locations":[{"start":{"line":249,"column":18},"end":{"line":249,"column":33}},{"start":{"line":249,"column":37},"end":{"line":249,"column":63}}],"line":249}},"s":{"0":1,"1":1,"2":1,"3":1,"4":1,"5":1,"6":1,"7":1,"8":1,"9":26,"10":78,"11":208,"12":26,"13":26,"14":26,"15":26,"16":0,"17":26,"18":26,"19":26,"20":0,"21":0,"22":0,"23":0,"24":0,"25":0,"26":0,"27":0,"28":0,"29":0,"30":0,"31":0,"32":0,"33":0,"34":0,"35":0,"36":0,"37":0,"38":0,"39":0,"40":0,"41":0,"42":0,"43":0,"44":0,"45":26,"46":0,"47":0,"48":26,"49":26,"50":26,"51":26,"52":26,"53":26,"54":26,"55":26,"56":26,"57":26,"58":26,"59":26,"60":26,"61":26,"62":0,"63":26,"64":26,"65":26,"66":26,"67":0,"68":26,"69":26,"70":26,"71":26,"72":0,"73":0,"74":0,"75":0,"76":26,"77":3,"78":10,"79":22,"80":3,"81":3,"82":3,"83":3,"84":0,"85":3,"86":3,"87":3,"88":0,"89":0,"90":0,"91":0,"92":0,"93":0,"94":0,"95":0,"96":0,"97":0,"98":0,"99":0,"100":0,"101":0,"102":0,"103":0,"104":0,"105":0,"106":0,"107":0,"108":0,"109":0,"110":0,"111":0,"112":0,"113":3,"114":0,"115":0,"116":3,"117":3,"118":3,"119":3,"120":3,"121":3,"122":3,"123":3,"124":3,"125":3,"126":3,"127":3,"128":3,"129":3,"130":2,"131":2,"132":1,"133":2,"134":2,"135":2,"136":0,"137":2,"138":2,"139":2,"140":2,"141":1,"142":1,"143":1,"144":1,"145":3,"146":1},"f":{"0":26,"1":78,"2":3,"3":10},"b":{"0":[26,26,0,0,0,0,0,0,26,26,26,26,26,26,0,26,26],"1":[26,0],"2":[26,26],"3":[26,0],"4":[0,0],"5":[0,0],"6":[0,0],"7":[0,26],"8":[26,0],"9":[26,0],"10":[26,12],"11":[3,3,0,0,0,0,0,3,3,3,2,2,2,1,3,3],"12":[3,0],"13":[3,3],"14":[3,0],"15":[0,0],"16":[0,0],"17":[0,0],"18":[0,3],"19":[2,1],"20":[2,0],"21":[2,2]},"inputSourceMap":{"version":3,"sources":["auth.js"],"names":["require","config","jwt","debug","db","ErrorHandler","Auth","verifyToken","req","res","next","headers","token","authorization","secretWord","process","env","secret","verify","decoded","user","userId","text","query","rows","body","id","split","verifyTokenAdmin","module","exports"],"mappings":";;;;;;AAAAA,OAAO,CAAC,QAAD,CAAP,CAAkBC,MAAlB;;AACA,IAAMC,GAAG,GAAGF,OAAO,CAAC,cAAD,CAAnB;;AACA,IAAMG,KAAK,GAAGH,OAAO,CAAC,OAAD,CAAP,CAAiB,4BAAjB,CAAd;;AACA,IAAMI,EAAE,GAAGJ,OAAO,CAAC,mBAAD,CAAlB;;eACyBA,OAAO,CAAC,6BAAD,C;IAAxBK,Y,YAAAA,Y;;AAER,IAAMC,IAAI,GAAG;AACX;AACMC,EAAAA,WAFK,uBAEOC,GAFP,EAEYC,GAFZ,EAEiBC,IAFjB;AAAA;;AAAA;AAAA;AAAA;AAAA;AAAA;;AAAA,kBAIH,CAACF,GAAG,CAACG,OAAJ,CAAYC,KAAb,IAAsB,CAACJ,GAAG,CAACG,OAAJ,CAAYE,aAJhC;AAAA;AAAA;AAAA;;AAAA,kBAKC,IAAIR,YAAJ,CAAiB,GAAjB,EAAsB,uBAAtB,CALD;;AAAA;AAAA,iBAQHG,GAAG,CAACG,OAAJ,CAAYC,KART;AAAA;AAAA;AAAA;;AAAA;AAAA,iDASeJ,GAAG,CAACG,OAAJ,CAAYC,KAT3B;;AAAA;AASCA,YAAAA,KATD;AAUCE,YAAAA,UAVD,GAUcC,OAAO,CAACC,GAAR,CAAYC,MAV1B;AAAA;AAAA,iDAWiBf,GAAG,CAACgB,MAAJ,CAAWN,KAAX,EAAkBE,UAAlB,CAXjB;;AAAA;AAWCK,YAAAA,OAXD;AAYCC,YAAAA,IAZD,GAYQD,OAAO,CAACE,MAZhB,EAaL;;AACMC,YAAAA,IAdD,GAcQ,uCAdR;AAAA;AAAA,iDAekBlB,EAAE,CAACmB,KAAH,CAASD,IAAT,EAAe,CAACF,IAAD,CAAf,CAflB;;AAAA;AAAA;AAeGI,YAAAA,IAfH,QAeGA,IAfH;;AAAA,gBAgBAA,IAAI,CAAC,CAAD,CAhBJ;AAAA;AAAA;AAAA;;AAAA,kBAiBG,IAAInB,YAAJ,CAAiB,GAAjB,EAAsB,gBAAtB,CAjBH;;AAAA;AAAA,kBAmBDG,GAAG,CAACiB,IAAJ,CAASJ,MAAT,IAAmBb,GAAG,CAACiB,IAAJ,CAASJ,MAAT,KAAoBD,IAnBtC;AAAA;AAAA;AAAA;;AAAA,kBAoBG,IAAIf,YAAJ,CAAiB,GAAjB,EAAsB,oBAAtB,CApBH;;AAAA;AAsBHG,YAAAA,GAAG,CAACY,IAAJ,GAAW;AAAEM,cAAAA,EAAE,EAAEN;AAAN,aAAX;AACAV,YAAAA,IAAI;;AAvBD;AAAA;AAAA;;AAAA;AAAA,iBAyBIF,GAAG,CAACG,OAAJ,CAAYE,aAzBhB;AAAA;AAAA;AAAA;;AA0BCD,YAAAA,MA1BD,GA0BSJ,GAAG,CAACG,OAAJ,CAAYE,aAAZ,CAA0Bc,KAA1B,CAAgC,GAAhC,EAAqC,CAArC,CA1BT;AA2BCb,YAAAA,WA3BD,GA2BcC,OAAO,CAACC,GAAR,CAAYC,MA3B1B;AAAA;AAAA,iDA4BiBf,GAAG,CAACgB,MAAJ,CAAWN,MAAX,EAAkBE,WAAlB,CA5BjB;;AAAA;AA4BCK,YAAAA,QA5BD;AA6BCC,YAAAA,KA7BD,GA6BQD,QAAO,CAACE,MA7BhB,EA8BL;;AACMC,YAAAA,KA/BD,GA+BQ,uCA/BR;AAAA;AAAA,iDAgCkBlB,EAAE,CAACmB,KAAH,CAASD,KAAT,EAAe,CAACF,KAAD,CAAf,CAhClB;;AAAA;AAAA;AAgCGI,YAAAA,KAhCH,SAgCGA,IAhCH;;AAAA,gBAiCAA,KAAI,CAAC,CAAD,CAjCJ;AAAA;AAAA;AAAA;;AAAA,kBAkCG,IAAInB,YAAJ,CAAiB,GAAjB,EAAsB,gBAAtB,CAlCH;;AAAA;AAoCLF,YAAAA,KAAK,CAACK,GAAG,CAACiB,IAAJ,CAASJ,MAAV,EAAkBb,GAAG,CAACiB,IAAJ,CAASJ,MAAT,KAAoBD,KAAtC,CAAL;;AApCK,kBAqCDZ,GAAG,CAACiB,IAAJ,CAASJ,MAAT,IAAmBb,GAAG,CAACiB,IAAJ,CAASJ,MAAT,KAAoBD,KArCtC;AAAA;AAAA;AAAA;;AAAA,kBAsCG,IAAIf,YAAJ,CAAiB,GAAjB,EAAsB,oBAAtB,CAtCH;;AAAA;AAwCHG,YAAAA,GAAG,CAACY,IAAJ,GAAW;AAAEM,cAAAA,EAAE,EAAEN;AAAN,aAAX;AACAV,YAAAA,IAAI;;AAzCD;AAAA;AAAA;;AAAA;AAAA;AAAA;AA6CPP,YAAAA,KAAK,aAAL;AACAO,YAAAA,IAAI,aAAJ;;AA9CO;AAAA;AAAA;AAAA;AAAA;AAAA;AAAA;AAkDX;AACMkB,EAAAA,gBAnDK,4BAmDYpB,GAnDZ,EAmDiBC,GAnDjB,EAmDsBC,IAnDtB;AAAA;;AAAA;AAAA;AAAA;AAAA;AAAA;;AAAA,kBAqDH,CAACF,GAAG,CAACG,OAAJ,CAAYC,KAAb,IAAsB,CAACJ,GAAG,CAACG,OAAJ,CAAYE,aArDhC;AAAA;AAAA;AAAA;;AAAA,kBAsDC,IAAIR,YAAJ,CAAiB,GAAjB,EAAsB,uBAAtB,CAtDD;;AAAA;AAAA,iBAwDHG,GAAG,CAACG,OAAJ,CAAYC,KAxDT;AAAA;AAAA;AAAA;;AAAA;AAAA,iDAyDeJ,GAAG,CAACG,OAAJ,CAAYC,KAzD3B;;AAAA;AAyDCA,YAAAA,KAzDD;AA0DCE,YAAAA,UA1DD,GA0DcC,OAAO,CAACC,GAAR,CAAYC,MA1D1B;AAAA;AAAA,iDA2DiBf,GAAG,CAACgB,MAAJ,CAAWN,KAAX,EAAkBE,UAAlB,CA3DjB;;AAAA;AA2DCK,YAAAA,OA3DD;AA4DCC,YAAAA,IA5DD,GA4DQD,OAAO,CAACE,MA5DhB;AA6DCC,YAAAA,IA7DD,GA8DH,6DA9DG;AAAA;AAAA,iDA+DkBlB,EAAE,CAACmB,KAAH,CAASD,IAAT,EAAe,CAACF,IAAD,EAAO,MAAP,CAAf,CA/DlB;;AAAA;AAAA;AA+DGI,YAAAA,IA/DH,SA+DGA,IA/DH;;AAAA,gBAgEAA,IAAI,CAAC,CAAD,CAhEJ;AAAA;AAAA;AAAA;;AAAA,kBAiEG,IAAInB,YAAJ,CAAiB,GAAjB,EAAsB,oCAAtB,CAjEH;;AAAA;AAAA,kBAmEDG,GAAG,CAACiB,IAAJ,CAASJ,MAAT,IAAmBb,GAAG,CAACiB,IAAJ,CAASJ,MAAT,KAAoBD,IAnEtC;AAAA;AAAA;AAAA;;AAAA,kBAoEG,IAAIf,YAAJ,CAAiB,GAAjB,EAAsB,oBAAtB,CApEH;;AAAA;AAsELG,YAAAA,GAAG,CAACY,IAAJ,GAAW;AAAEM,cAAAA,EAAE,EAAEN;AAAN,aAAX;AACAV,YAAAA,IAAI;AAvEC;AAAA;;AAAA;AAAA,iBAwEIF,GAAG,CAACG,OAAJ,CAAYE,aAxEhB;AAAA;AAAA;AAAA;;AAyECD,YAAAA,OAzED,GAyESJ,GAAG,CAACG,OAAJ,CAAYE,aAAZ,CAA0Bc,KAA1B,CAAgC,GAAhC,EAAqC,CAArC,CAzET;AA0ECb,YAAAA,YA1ED,GA0EcC,OAAO,CAACC,GAAR,CAAYC,MA1E1B;AAAA;AAAA,iDA2EiBf,GAAG,CAACgB,MAAJ,CAAWN,OAAX,EAAkBE,YAAlB,CA3EjB;;AAAA;AA2ECK,YAAAA,SA3ED;AA4ECC,YAAAA,MA5ED,GA4EQD,SAAO,CAACE,MA5EhB;AA6ELlB,YAAAA,KAAK,CAACgB,SAAD,CAAL;AACAhB,YAAAA,KAAK,CAACiB,MAAD,CAAL;AACME,YAAAA,MA/ED,GAgFH,6DAhFG;AAAA;AAAA,iDAiFkBlB,EAAE,CAACmB,KAAH,CAASD,MAAT,EAAe,CAACF,MAAD,EAAO,MAAP,CAAf,CAjFlB;;AAAA;AAAA;AAiFGI,YAAAA,MAjFH,SAiFGA,IAjFH;;AAAA,gBAkFAA,MAAI,CAAC,CAAD,CAlFJ;AAAA;AAAA;AAAA;;AAAA,kBAmFG,IAAInB,YAAJ,CAAiB,GAAjB,EAAsB,oCAAtB,CAnFH;;AAAA;AAAA,kBAqFDG,GAAG,CAACiB,IAAJ,CAASJ,MAAT,IAAmBb,GAAG,CAACiB,IAAJ,CAASJ,MAAT,KAAoBD,MArFtC;AAAA;AAAA;AAAA;;AAAA,kBAsFG,IAAIf,YAAJ,CAAiB,GAAjB,EAAsB,oBAAtB,CAtFH;;AAAA;AAwFLG,YAAAA,GAAG,CAACY,IAAJ,GAAW;AAAEM,cAAAA,EAAE,EAAEN;AAAN,aAAX;AACAV,YAAAA,IAAI;;AAzFC;AAAA;AAAA;;AAAA;AAAA;AAAA;AA4FPP,YAAAA,KAAK,cAAL;AACAO,YAAAA,IAAI,cAAJ;;AA7FO;AAAA;AAAA;AAAA;AAAA;AAAA;AAAA;AAAA,CAAb;AAkGAmB,MAAM,CAACC,OAAP,GAAiBxB,IAAjB","sourceRoot":"F:\\MyLearning\\Capstone-project\\Teamwork-Backend-API\\src\\auth\\middleware","sourcesContent":["require('dotenv').config();\r\nconst jwt = require('jsonwebtoken');\r\nconst debug = require('debug')('teamwork-backend-api:debug');\r\nconst db = require('../../db/index.js');\r\nconst { ErrorHandler } = require('../../auth/middleware/error');\r\n\r\nconst Auth = {\r\n  // eslint-disable-next-line consistent-return\r\n  async verifyToken(req, res, next) {\r\n    try {\r\n      if (!req.headers.token && !req.headers.authorization) {\r\n        throw new ErrorHandler(401, 'Token is not provided');\r\n      }\r\n      // const token = await req.headers.authorization.split(' ')[1];\r\n      if (req.headers.token) {\r\n        const token = await req.headers.token;\r\n        const secretWord = process.env.secret;\r\n        const decoded = await jwt.verify(token, secretWord);\r\n        const user = decoded.userId;\r\n        // debug(user);\r\n        const text = 'SELECT * FROM sys_users WHERE id = $1';\r\n        const { rows } = await db.query(text, [user]);\r\n        if (!rows[0]) {\r\n          throw new ErrorHandler(401, 'User not Found');\r\n        }\r\n        if (req.body.userId && req.body.userId !== user) {\r\n          throw new ErrorHandler(401, 'invalid user token');\r\n        } else {\r\n          req.user = { id: user };\r\n          next();\r\n        }\r\n      } else if (req.headers.authorization) {\r\n        const token = req.headers.authorization.split(' ')[1];\r\n        const secretWord = process.env.secret;\r\n        const decoded = await jwt.verify(token, secretWord);\r\n        const user = decoded.userId;\r\n        // debug(user);\r\n        const text = 'SELECT * FROM sys_users WHERE id = $1';\r\n        const { rows } = await db.query(text, [user]);\r\n        if (!rows[0]) {\r\n          throw new ErrorHandler(401, 'User not Found');\r\n        }\r\n        debug(req.body.userId, req.body.userId !== user);\r\n        if (req.body.userId && req.body.userId !== user) {\r\n          throw new ErrorHandler(401, 'invalid user token');\r\n        } else {\r\n          req.user = { id: user };\r\n          next();\r\n        }\r\n      }\r\n    } catch (error) {\r\n      debug(error);\r\n      next(error);\r\n    }\r\n  },\r\n\r\n  // eslint-disable-next-line consistent-return\r\n  async verifyTokenAdmin(req, res, next) {\r\n    try {\r\n      if (!req.headers.token && !req.headers.authorization) {\r\n        throw new ErrorHandler(401, 'Token is not provided');\r\n      }\r\n      if (req.headers.token) {\r\n        const token = await req.headers.token;\r\n        const secretWord = process.env.secret;\r\n        const decoded = await jwt.verify(token, secretWord);\r\n        const user = decoded.userId;\r\n        const text =\r\n          'SELECT * FROM sys_users WHERE id = $1 and is_superuser = $2';\r\n        const { rows } = await db.query(text, [user, 'True']);\r\n        if (!rows[0]) {\r\n          throw new ErrorHandler(401, 'Only Admin can create system users');\r\n        }\r\n        if (req.body.userId && req.body.userId !== user) {\r\n          throw new ErrorHandler(401, 'invalid user token');\r\n        }\r\n        req.user = { id: user };\r\n        next();\r\n      } else if (req.headers.authorization) {\r\n        const token = req.headers.authorization.split(' ')[1];\r\n        const secretWord = process.env.secret;\r\n        const decoded = await jwt.verify(token, secretWord);\r\n        const user = decoded.userId;\r\n        debug(decoded);\r\n        debug(user);\r\n        const text =\r\n          'SELECT * FROM sys_users WHERE id = $1 and is_superuser = $2';\r\n        const { rows } = await db.query(text, [user, 'True']);\r\n        if (!rows[0]) {\r\n          throw new ErrorHandler(401, 'Only Admin can create system users');\r\n        }\r\n        if (req.body.userId && req.body.userId !== user) {\r\n          throw new ErrorHandler(401, 'invalid user token');\r\n        }\r\n        req.user = { id: user };\r\n        next();\r\n      }\r\n    } catch (error) {\r\n      debug(error);\r\n      next(error);\r\n    }\r\n  }\r\n};\r\n\r\nmodule.exports = Auth;\r\n"]},"_coverageSchema":"1a1c01bbd47fc00a2c39e90264f33305004495a9","hash":"cda3066d4b8e4649510a7c6fb4f7cb9d12fe5902","contentHash":"afd0c77f16b4abf62821c3696dbc5b4e347d10feea22637a0bf9e8f12cf59be7"},"F:\\MyLearning\\Capstone-project\\Teamwork-Backend-API\\src\\db\\index.js":{"path":"F:\\MyLearning\\Capstone-project\\Teamwork-Backend-API\\src\\db\\index.js","statementMap":{"0":{"start":{"line":3,"column":0},"end":{"line":3,"column":27}},"1":{"start":{"line":5,"column":15},"end":{"line":5,"column":28}},"2":{"start":{"line":6,"column":11},"end":{"line":6,"column":24}},"3":{"start":{"line":8,"column":11},"end":{"line":10,"column":2}},"4":{"start":{"line":11,"column":0},"end":{"line":21,"column":2}},"5":{"start":{"line":13,"column":4},"end":{"line":19,"column":7}},"6":{"start":{"line":14,"column":6},"end":{"line":18,"column":9}},"7":{"start":{"line":15,"column":8},"end":{"line":15,"column":21}},"8":{"start":{"line":17,"column":8},"end":{"line":17,"column":20}}},"fnMap":{"0":{"name":"query","decl":{"start":{"line":12,"column":18},"end":{"line":12,"column":23}},"loc":{"start":{"line":12,"column":38},"end":{"line":20,"column":3}},"line":12},"1":{"name":"(anonymous_1)","decl":{"start":{"line":13,"column":23},"end":{"line":13,"column":24}},"loc":{"start":{"line":13,"column":50},"end":{"line":19,"column":5}},"line":13},"2":{"name":"(anonymous_2)","decl":{"start":{"line":14,"column":36},"end":{"line":14,"column":37}},"loc":{"start":{"line":14,"column":51},"end":{"line":16,"column":7}},"line":14},"3":{"name":"(anonymous_3)","decl":{"start":{"line":16,"column":18},"end":{"line":16,"column":19}},"loc":{"start":{"line":16,"column":33},"end":{"line":18,"column":7}},"line":16}},"branchMap":{},"s":{"0":1,"1":1,"2":1,"3":1,"4":1,"5":126,"6":126,"7":126,"8":0},"f":{"0":126,"1":126,"2":126,"3":0},"b":{},"inputSourceMap":{"version":3,"sources":["index.js"],"names":["require","config","Pool","pool","connectionString","process","env","database","module","exports","query","text","params","Promise","resolve","reject","then","res","err"],"mappings":";;AAAAA,OAAO,CAAC,QAAD,CAAP,CAAkBC,MAAlB;;eACiBD,OAAO,CAAC,IAAD,C;IAAhBE,I,YAAAA,I;;AAER,IAAMC,IAAI,GAAG,IAAID,IAAJ,CAAS;AACpBE,EAAAA,gBAAgB,EAAEC,OAAO,CAACC,GAAR,CAAYC;AADV,CAAT,CAAb;AAIAC,MAAM,CAACC,OAAP,GAAiB;AACfC,EAAAA,KADe,iBACTC,IADS,EACHC,MADG,EACK;AAClB,WAAO,IAAIC,OAAJ,CAAY,UAACC,OAAD,EAAUC,MAAV,EAAqB;AACtCZ,MAAAA,IAAI,CACDO,KADH,CACSC,IADT,EACeC,MADf,EAEGI,IAFH,CAEQ,UAAAC,GAAG,EAAI;AACXH,QAAAA,OAAO,CAACG,GAAD,CAAP;AACD,OAJH,WAKS,UAAAC,GAAG,EAAI;AACZH,QAAAA,MAAM,CAACG,GAAD,CAAN;AACD,OAPH;AAQD,KATM,CAAP;AAUD;AAZc,CAAjB","sourceRoot":"F:\\MyLearning\\Capstone-project\\Teamwork-Backend-API\\src\\db","sourcesContent":["require('dotenv').config();\r\nconst { Pool } = require('pg');\r\n\r\nconst pool = new Pool({\r\n  connectionString: process.env.database\r\n});\r\n\r\nmodule.exports = {\r\n  query(text, params) {\r\n    return new Promise((resolve, reject) => {\r\n      pool\r\n        .query(text, params)\r\n        .then(res => {\r\n          resolve(res);\r\n        })\r\n        .catch(err => {\r\n          reject(err);\r\n        });\r\n    });\r\n  }\r\n};\r\n"]},"_coverageSchema":"1a1c01bbd47fc00a2c39e90264f33305004495a9","hash":"63714ae114eef14383dd8d04659a97b6d2f35ee2","contentHash":"51179d06c9d216a97ccab2b110c01d0d4ca0acc12c02383447e4d4f35226e3b5"},"F:\\MyLearning\\Capstone-project\\Teamwork-Backend-API\\src\\auth\\middleware\\error.js":{"path":"F:\\MyLearning\\Capstone-project\\Teamwork-Backend-API\\src\\auth\\middleware\\error.js","statementMap":{"0":{"start":{"line":3,"column":29},"end":{"line":3,"column":84}},"1":{"start":{"line":5,"column":23},"end":{"line":5,"column":95}},"2":{"start":{"line":7,"column":34},"end":{"line":7,"column":117}},"3":{"start":{"line":9,"column":23},"end":{"line":9,"column":95}},"4":{"start":{"line":11,"column":17},"end":{"line":11,"column":83}},"5":{"start":{"line":13,"column":24},"end":{"line":13,"column":97}},"6":{"start":{"line":15,"column":12},"end":{"line":15,"column":58}},"7":{"start":{"line":19,"column":0},"end":{"line":33,"column":43}},"8":{"start":{"line":20,"column":2},"end":{"line":20,"column":51}},"9":{"start":{"line":25,"column":4},"end":{"line":25,"column":57}},"10":{"start":{"line":26,"column":4},"end":{"line":26,"column":121}},"11":{"start":{"line":27,"column":4},"end":{"line":27,"column":34}},"12":{"start":{"line":28,"column":4},"end":{"line":28,"column":28}},"13":{"start":{"line":29,"column":4},"end":{"line":29,"column":17}},"14":{"start":{"line":32,"column":2},"end":{"line":32,"column":22}},"15":{"start":{"line":35,"column":18},"end":{"line":52,"column":1}},"16":{"start":{"line":36,"column":19},"end":{"line":36,"column":33}},"17":{"start":{"line":37,"column":16},"end":{"line":37,"column":27}},"18":{"start":{"line":39,"column":2},"end":{"line":51,"column":3}},"19":{"start":{"line":40,"column":4},"end":{"line":40,"column":34}},"20":{"start":{"line":41,"column":4},"end":{"line":44,"column":7}},"21":{"start":{"line":46,"column":4},"end":{"line":46,"column":34}},"22":{"start":{"line":47,"column":4},"end":{"line":50,"column":7}},"23":{"start":{"line":54,"column":0},"end":{"line":57,"column":2}}},"fnMap":{"0":{"name":"(anonymous_0)","decl":{"start":{"line":19,"column":0},"end":{"line":19,"column":1}},"loc":{"start":{"line":19,"column":18},"end":{"line":33,"column":1}},"line":19},"1":{"name":"ErrorHandler","decl":{"start":{"line":22,"column":11},"end":{"line":22,"column":23}},"loc":{"start":{"line":22,"column":45},"end":{"line":30,"column":3}},"line":22},"2":{"name":"handleError","decl":{"start":{"line":35,"column":27},"end":{"line":35,"column":38}},"loc":{"start":{"line":35,"column":49},"end":{"line":52,"column":1}},"line":35}},"branchMap":{"0":{"loc":{"start":{"line":39,"column":2},"end":{"line":51,"column":3}},"type":"if","locations":[{"start":{"line":39,"column":2},"end":{"line":51,"column":3}},{"start":{"line":39,"column":2},"end":{"line":51,"column":3}}],"line":39},"1":{"loc":{"start":{"line":40,"column":15},"end":{"line":40,"column":32}},"type":"binary-expr","locations":[{"start":{"line":40,"column":15},"end":{"line":40,"column":25}},{"start":{"line":40,"column":29},"end":{"line":40,"column":32}}],"line":40},"2":{"loc":{"start":{"line":46,"column":15},"end":{"line":46,"column":32}},"type":"binary-expr","locations":[{"start":{"line":46,"column":15},"end":{"line":46,"column":25}},{"start":{"line":46,"column":29},"end":{"line":46,"column":32}}],"line":46}},"s":{"0":1,"1":1,"2":1,"3":1,"4":1,"5":1,"6":1,"7":1,"8":1,"9":4,"10":4,"11":4,"12":4,"13":4,"14":1,"15":1,"16":4,"17":4,"18":4,"19":4,"20":4,"21":0,"22":0,"23":1},"f":{"0":1,"1":4,"2":4},"b":{"0":[4,0],"1":[4,0],"2":[0,0]},"inputSourceMap":{"version":3,"sources":["error.js"],"names":["debug","require","ErrorHandler","statusCode","message","Error","handleError","err","res","status","json","error","module","exports"],"mappings":";;;;;;;;;;;;;;AAAA,IAAMA,KAAK,GAAGC,OAAO,CAAC,OAAD,CAAP,CAAiB,4BAAjB,CAAd;;IAEMC,Y;;;;;AACJ,wBAAYC,UAAZ,EAAwBC,OAAxB,EAAiC;AAAA;;AAAA;AAC/B;AACA,UAAKD,UAAL,GAAkBA,UAAlB;AACA,UAAKC,OAAL,GAAeA,OAAf;AAH+B;AAIhC;;;oCALwBC,K;;AAQ3B,IAAMC,WAAW,GAAG,SAAdA,WAAc,CAACC,GAAD,EAAMC,GAAN,EAAc;AAAA,MACxBL,UADwB,GACAI,GADA,CACxBJ,UADwB;AAAA,MACZC,OADY,GACAG,GADA,CACZH,OADY;;AAEhC,MAAIJ,KAAJ,EAAW;AACTQ,IAAAA,GAAG,CAACC,MAAJ,CAAWN,UAAU,IAAI,GAAzB;AACAK,IAAAA,GAAG,CAACE,IAAJ,CAAS;AACPD,MAAAA,MAAM,EAAE,OADD;AAEPE,MAAAA,KAAK,EAAEP;AAFA,KAAT;AAID,GAND,MAMO;AACLI,IAAAA,GAAG,CAACC,MAAJ,CAAWN,UAAU,IAAI,GAAzB;AACAK,IAAAA,GAAG,CAACE,IAAJ,CAAS;AACPD,MAAAA,MAAM,EAAE,OADD;AAEPE,MAAAA,KAAK,EAAE;AAFA,KAAT;AAID;AACF,CAfD;;AAiBAC,MAAM,CAACC,OAAP,GAAiB;AACfX,EAAAA,YAAY,EAAZA,YADe;AAEfI,EAAAA,WAAW,EAAXA;AAFe,CAAjB","sourceRoot":"F:\\MyLearning\\Capstone-project\\Teamwork-Backend-API\\src\\auth\\middleware","sourcesContent":["const debug = require('debug')('teamwork-backend-api:debug');\r\n\r\nclass ErrorHandler extends Error {\r\n  constructor(statusCode, message) {\r\n    super();\r\n    this.statusCode = statusCode;\r\n    this.message = message;\r\n  }\r\n}\r\n\r\nconst handleError = (err, res) => {\r\n  const { statusCode, message } = err;\r\n  if (debug) {\r\n    res.status(statusCode || 500);\r\n    res.json({\r\n      status: 'error',\r\n      error: message\r\n    });\r\n  } else {\r\n    res.status(statusCode || 500);\r\n    res.json({\r\n      status: 'error',\r\n      error: 'An internal error occurred while processing your request'\r\n    });\r\n  }\r\n};\r\n\r\nmodule.exports = {\r\n  ErrorHandler,\r\n  handleError\r\n};\r\n"]},"_coverageSchema":"1a1c01bbd47fc00a2c39e90264f33305004495a9","hash":"20fd41c2b8d30da62a5e7eaedeff45bc737bf712","contentHash":"a84eecfc03b7d705879eeeb5081a9963b539bb9df54c6d29abdb428d53ec03ae"},"F:\\MyLearning\\Capstone-project\\Teamwork-Backend-API\\src\\routes\\controllers\\articles.js":{"path":"F:\\MyLearning\\Capstone-project\\Teamwork-Backend-API\\src\\routes\\controllers\\articles.js","statementMap":{"0":{"start":{"line":3,"column":29},"end":{"line":3,"column":84}},"1":{"start":{"line":5,"column":19},"end":{"line":5,"column":80}},"2":{"start":{"line":7,"column":14},"end":{"line":7,"column":32}},"3":{"start":{"line":9,"column":12},"end":{"line":9,"column":58}},"4":{"start":{"line":11,"column":13},"end":{"line":11,"column":29}},"5":{"start":{"line":13,"column":11},"end":{"line":13,"column":51}},"6":{"start":{"line":15,"column":15},"end":{"line":15,"column":53}},"7":{"start":{"line":16,"column":19},"end":{"line":16,"column":40}},"8":{"start":{"line":18,"column":13},"end":{"line":18,"column":44}},"9":{"start":{"line":20,"column":9},"end":{"line":20,"column":37}},"10":{"start":{"line":22,"column":0},"end":{"line":62,"column":3}},"11":{"start":{"line":25,"column":2},"end":{"line":61,"column":28}},"12":{"start":{"line":26,"column":4},"end":{"line":60,"column":5}},"13":{"start":{"line":27,"column":6},"end":{"line":59,"column":7}},"14":{"start":{"line":29,"column":10},"end":{"line":29,"column":28}},"15":{"start":{"line":30,"column":10},"end":{"line":30,"column":400}},"16":{"start":{"line":31,"column":10},"end":{"line":31,"column":28}},"17":{"start":{"line":32,"column":10},"end":{"line":32,"column":62}},"18":{"start":{"line":35,"column":10},"end":{"line":35,"column":31}},"19":{"start":{"line":36,"column":10},"end":{"line":36,"column":27}},"20":{"start":{"line":37,"column":10},"end":{"line":37,"column":22}},"21":{"start":{"line":39,"column":10},"end":{"line":45,"column":11}},"22":{"start":{"line":40,"column":12},"end":{"line":40,"column":28}},"23":{"start":{"line":41,"column":12},"end":{"line":44,"column":15}},"24":{"start":{"line":47,"column":10},"end":{"line":47,"column":29}},"25":{"start":{"line":48,"column":10},"end":{"line":48,"column":16}},"26":{"start":{"line":51,"column":10},"end":{"line":51,"column":29}},"27":{"start":{"line":52,"column":10},"end":{"line":52,"column":45}},"28":{"start":{"line":53,"column":10},"end":{"line":53,"column":29}},"29":{"start":{"line":54,"column":10},"end":{"line":54,"column":92}},"30":{"start":{"line":58,"column":10},"end":{"line":58,"column":33}},"31":{"start":{"line":63,"column":0},"end":{"line":120,"column":3}},"32":{"start":{"line":66,"column":2},"end":{"line":119,"column":28}},"33":{"start":{"line":67,"column":4},"end":{"line":118,"column":5}},"34":{"start":{"line":68,"column":6},"end":{"line":117,"column":7}},"35":{"start":{"line":70,"column":10},"end":{"line":73,"column":11}},"36":{"start":{"line":71,"column":12},"end":{"line":71,"column":32}},"37":{"start":{"line":72,"column":12},"end":{"line":72,"column":18}},"38":{"start":{"line":75,"column":10},"end":{"line":75,"column":39}},"39":{"start":{"line":76,"column":10},"end":{"line":76,"column":29}},"40":{"start":{"line":77,"column":10},"end":{"line":77,"column":58}},"41":{"start":{"line":78,"column":10},"end":{"line":78,"column":427}},"42":{"start":{"line":79,"column":10},"end":{"line":79,"column":29}},"43":{"start":{"line":80,"column":10},"end":{"line":80,"column":69}},"44":{"start":{"line":83,"column":10},"end":{"line":83,"column":33}},"45":{"start":{"line":84,"column":10},"end":{"line":84,"column":28}},"46":{"start":{"line":85,"column":10},"end":{"line":85,"column":22}},"47":{"start":{"line":87,"column":10},"end":{"line":93,"column":11}},"48":{"start":{"line":88,"column":12},"end":{"line":88,"column":28}},"49":{"start":{"line":89,"column":12},"end":{"line":92,"column":15}},"50":{"start":{"line":95,"column":10},"end":{"line":95,"column":30}},"51":{"start":{"line":96,"column":10},"end":{"line":96,"column":16}},"52":{"start":{"line":99,"column":10},"end":{"line":99,"column":30}},"53":{"start":{"line":100,"column":10},"end":{"line":100,"column":47}},"54":{"start":{"line":101,"column":10},"end":{"line":101,"column":30}},"55":{"start":{"line":102,"column":10},"end":{"line":102,"column":92}},"56":{"start":{"line":105,"column":10},"end":{"line":105,"column":30}},"57":{"start":{"line":106,"column":10},"end":{"line":106,"column":16}},"58":{"start":{"line":109,"column":10},"end":{"line":112,"column":14}},"59":{"start":{"line":116,"column":10},"end":{"line":116,"column":34}},"60":{"start":{"line":122,"column":0},"end":{"line":201,"column":3}},"61":{"start":{"line":125,"column":2},"end":{"line":200,"column":28}},"62":{"start":{"line":126,"column":4},"end":{"line":199,"column":5}},"63":{"start":{"line":127,"column":6},"end":{"line":198,"column":7}},"64":{"start":{"line":129,"column":10},"end":{"line":132,"column":11}},"65":{"start":{"line":130,"column":12},"end":{"line":130,"column":31}},"66":{"start":{"line":131,"column":12},"end":{"line":131,"column":18}},"67":{"start":{"line":134,"column":10},"end":{"line":137,"column":14}},"68":{"start":{"line":140,"column":10},"end":{"line":140,"column":29}},"69":{"start":{"line":142,"column":10},"end":{"line":145,"column":11}},"70":{"start":{"line":143,"column":12},"end":{"line":143,"column":31}},"71":{"start":{"line":144,"column":12},"end":{"line":144,"column":18}},"72":{"start":{"line":147,"column":10},"end":{"line":150,"column":14}},"73":{"start":{"line":153,"column":10},"end":{"line":153,"column":59}},"74":{"start":{"line":154,"column":10},"end":{"line":154,"column":54}},"75":{"start":{"line":155,"column":10},"end":{"line":155,"column":53}},"76":{"start":{"line":156,"column":10},"end":{"line":156,"column":111}},"77":{"start":{"line":157,"column":10},"end":{"line":157,"column":30}},"78":{"start":{"line":158,"column":10},"end":{"line":158,"column":125}},"79":{"start":{"line":161,"column":10},"end":{"line":161,"column":33}},"80":{"start":{"line":162,"column":10},"end":{"line":162,"column":28}},"81":{"start":{"line":164,"column":10},"end":{"line":167,"column":11}},"82":{"start":{"line":165,"column":12},"end":{"line":165,"column":32}},"83":{"start":{"line":166,"column":12},"end":{"line":166,"column":18}},"84":{"start":{"line":169,"column":10},"end":{"line":172,"column":14}},"85":{"start":{"line":175,"column":10},"end":{"line":175,"column":26}},"86":{"start":{"line":176,"column":10},"end":{"line":185,"column":13}},"87":{"start":{"line":186,"column":10},"end":{"line":186,"column":30}},"88":{"start":{"line":187,"column":10},"end":{"line":187,"column":16}},"89":{"start":{"line":190,"column":10},"end":{"line":190,"column":30}},"90":{"start":{"line":191,"column":10},"end":{"line":191,"column":47}},"91":{"start":{"line":192,"column":10},"end":{"line":192,"column":30}},"92":{"start":{"line":193,"column":10},"end":{"line":193,"column":92}},"93":{"start":{"line":197,"column":10},"end":{"line":197,"column":34}},"94":{"start":{"line":202,"column":0},"end":{"line":296,"column":3}},"95":{"start":{"line":205,"column":2},"end":{"line":295,"column":28}},"96":{"start":{"line":206,"column":4},"end":{"line":294,"column":5}},"97":{"start":{"line":207,"column":6},"end":{"line":293,"column":7}},"98":{"start":{"line":209,"column":10},"end":{"line":212,"column":11}},"99":{"start":{"line":210,"column":12},"end":{"line":210,"column":32}},"100":{"start":{"line":211,"column":12},"end":{"line":211,"column":18}},"101":{"start":{"line":214,"column":10},"end":{"line":214,"column":29}},"102":{"start":{"line":215,"column":10},"end":{"line":215,"column":51}},"103":{"start":{"line":217,"column":10},"end":{"line":220,"column":11}},"104":{"start":{"line":218,"column":12},"end":{"line":218,"column":32}},"105":{"start":{"line":219,"column":12},"end":{"line":219,"column":18}},"106":{"start":{"line":222,"column":10},"end":{"line":222,"column":53}},"107":{"start":{"line":223,"column":10},"end":{"line":223,"column":29}},"108":{"start":{"line":224,"column":10},"end":{"line":224,"column":75}},"109":{"start":{"line":227,"column":10},"end":{"line":227,"column":33}},"110":{"start":{"line":228,"column":10},"end":{"line":228,"column":28}},"111":{"start":{"line":230,"column":10},"end":{"line":233,"column":11}},"112":{"start":{"line":231,"column":12},"end":{"line":231,"column":32}},"113":{"start":{"line":232,"column":12},"end":{"line":232,"column":18}},"114":{"start":{"line":235,"column":10},"end":{"line":238,"column":14}},"115":{"start":{"line":241,"column":10},"end":{"line":241,"column":145}},"116":{"start":{"line":242,"column":10},"end":{"line":242,"column":30}},"117":{"start":{"line":243,"column":10},"end":{"line":243,"column":76}},"118":{"start":{"line":246,"column":10},"end":{"line":246,"column":36}},"119":{"start":{"line":247,"column":10},"end":{"line":247,"column":26}},"120":{"start":{"line":248,"column":10},"end":{"line":260,"column":13}},"121":{"start":{"line":261,"column":10},"end":{"line":261,"column":30}},"122":{"start":{"line":262,"column":10},"end":{"line":262,"column":16}},"123":{"start":{"line":265,"column":10},"end":{"line":268,"column":14}},"124":{"start":{"line":271,"column":10},"end":{"line":271,"column":30}},"125":{"start":{"line":272,"column":10},"end":{"line":272,"column":16}},"126":{"start":{"line":275,"column":10},"end":{"line":275,"column":30}},"127":{"start":{"line":276,"column":10},"end":{"line":276,"column":47}},"128":{"start":{"line":277,"column":10},"end":{"line":277,"column":30}},"129":{"start":{"line":278,"column":10},"end":{"line":278,"column":92}},"130":{"start":{"line":281,"column":10},"end":{"line":281,"column":30}},"131":{"start":{"line":282,"column":10},"end":{"line":282,"column":16}},"132":{"start":{"line":285,"column":10},"end":{"line":288,"column":14}},"133":{"start":{"line":292,"column":10},"end":{"line":292,"column":34}},"134":{"start":{"line":297,"column":0},"end":{"line":472,"column":3}},"135":{"start":{"line":300,"column":2},"end":{"line":471,"column":28}},"136":{"start":{"line":301,"column":4},"end":{"line":470,"column":5}},"137":{"start":{"line":302,"column":6},"end":{"line":469,"column":7}},"138":{"start":{"line":304,"column":10},"end":{"line":307,"column":11}},"139":{"start":{"line":305,"column":12},"end":{"line":305,"column":32}},"140":{"start":{"line":306,"column":12},"end":{"line":306,"column":18}},"141":{"start":{"line":309,"column":10},"end":{"line":309,"column":29}},"142":{"start":{"line":310,"column":10},"end":{"line":310,"column":51}},"143":{"start":{"line":312,"column":10},"end":{"line":315,"column":11}},"144":{"start":{"line":313,"column":12},"end":{"line":313,"column":32}},"145":{"start":{"line":314,"column":12},"end":{"line":314,"column":18}},"146":{"start":{"line":317,"column":10},"end":{"line":317,"column":53}},"147":{"start":{"line":318,"column":10},"end":{"line":318,"column":29}},"148":{"start":{"line":319,"column":10},"end":{"line":319,"column":75}},"149":{"start":{"line":322,"column":10},"end":{"line":322,"column":33}},"150":{"start":{"line":323,"column":10},"end":{"line":323,"column":28}},"151":{"start":{"line":325,"column":10},"end":{"line":328,"column":11}},"152":{"start":{"line":326,"column":12},"end":{"line":326,"column":32}},"153":{"start":{"line":327,"column":12},"end":{"line":327,"column":18}},"154":{"start":{"line":330,"column":10},"end":{"line":333,"column":14}},"155":{"start":{"line":336,"column":10},"end":{"line":339,"column":11}},"156":{"start":{"line":337,"column":12},"end":{"line":337,"column":32}},"157":{"start":{"line":338,"column":12},"end":{"line":338,"column":18}},"158":{"start":{"line":341,"column":10},"end":{"line":341,"column":64}},"159":{"start":{"line":342,"column":10},"end":{"line":342,"column":30}},"160":{"start":{"line":343,"column":10},"end":{"line":343,"column":77}},"161":{"start":{"line":346,"column":10},"end":{"line":346,"column":42}},"162":{"start":{"line":348,"column":10},"end":{"line":351,"column":11}},"163":{"start":{"line":349,"column":12},"end":{"line":349,"column":32}},"164":{"start":{"line":350,"column":12},"end":{"line":350,"column":18}},"165":{"start":{"line":353,"column":10},"end":{"line":356,"column":14}},"166":{"start":{"line":359,"column":10},"end":{"line":359,"column":26}},"167":{"start":{"line":360,"column":10},"end":{"line":366,"column":13}},"168":{"start":{"line":367,"column":10},"end":{"line":367,"column":30}},"169":{"start":{"line":368,"column":10},"end":{"line":368,"column":16}},"170":{"start":{"line":372,"column":10},"end":{"line":372,"column":79}},"171":{"start":{"line":373,"column":10},"end":{"line":373,"column":30}},"172":{"start":{"line":374,"column":10},"end":{"line":374,"column":86}},"173":{"start":{"line":377,"column":10},"end":{"line":377,"column":33}},"174":{"start":{"line":379,"column":10},"end":{"line":382,"column":11}},"175":{"start":{"line":380,"column":12},"end":{"line":380,"column":32}},"176":{"start":{"line":381,"column":12},"end":{"line":381,"column":18}},"177":{"start":{"line":384,"column":10},"end":{"line":387,"column":14}},"178":{"start":{"line":390,"column":10},"end":{"line":390,"column":78}},"179":{"start":{"line":391,"column":10},"end":{"line":391,"column":30}},"180":{"start":{"line":392,"column":10},"end":{"line":392,"column":84}},"181":{"start":{"line":395,"column":10},"end":{"line":395,"column":35}},"182":{"start":{"line":397,"column":10},"end":{"line":400,"column":11}},"183":{"start":{"line":398,"column":12},"end":{"line":398,"column":32}},"184":{"start":{"line":399,"column":12},"end":{"line":399,"column":18}},"185":{"start":{"line":402,"column":10},"end":{"line":405,"column":14}},"186":{"start":{"line":409,"column":10},"end":{"line":409,"column":65}},"187":{"start":{"line":410,"column":10},"end":{"line":410,"column":30}},"188":{"start":{"line":411,"column":10},"end":{"line":411,"column":78}},"189":{"start":{"line":414,"column":10},"end":{"line":414,"column":36}},"190":{"start":{"line":416,"column":10},"end":{"line":419,"column":11}},"191":{"start":{"line":417,"column":12},"end":{"line":417,"column":32}},"192":{"start":{"line":418,"column":12},"end":{"line":418,"column":18}},"193":{"start":{"line":421,"column":10},"end":{"line":424,"column":14}},"194":{"start":{"line":427,"column":10},"end":{"line":427,"column":26}},"195":{"start":{"line":428,"column":10},"end":{"line":434,"column":13}},"196":{"start":{"line":437,"column":10},"end":{"line":437,"column":30}},"197":{"start":{"line":438,"column":10},"end":{"line":438,"column":16}},"198":{"start":{"line":441,"column":10},"end":{"line":444,"column":14}},"199":{"start":{"line":447,"column":10},"end":{"line":447,"column":30}},"200":{"start":{"line":448,"column":10},"end":{"line":448,"column":16}},"201":{"start":{"line":451,"column":10},"end":{"line":451,"column":30}},"202":{"start":{"line":452,"column":10},"end":{"line":452,"column":47}},"203":{"start":{"line":453,"column":10},"end":{"line":453,"column":30}},"204":{"start":{"line":454,"column":10},"end":{"line":454,"column":92}},"205":{"start":{"line":457,"column":10},"end":{"line":457,"column":30}},"206":{"start":{"line":458,"column":10},"end":{"line":458,"column":16}},"207":{"start":{"line":461,"column":10},"end":{"line":464,"column":14}},"208":{"start":{"line":468,"column":10},"end":{"line":468,"column":34}},"209":{"start":{"line":473,"column":0},"end":{"line":596,"column":3}},"210":{"start":{"line":476,"column":2},"end":{"line":595,"column":28}},"211":{"start":{"line":477,"column":4},"end":{"line":594,"column":5}},"212":{"start":{"line":478,"column":6},"end":{"line":593,"column":7}},"213":{"start":{"line":480,"column":10},"end":{"line":483,"column":11}},"214":{"start":{"line":481,"column":12},"end":{"line":481,"column":32}},"215":{"start":{"line":482,"column":12},"end":{"line":482,"column":18}},"216":{"start":{"line":485,"column":10},"end":{"line":488,"column":11}},"217":{"start":{"line":486,"column":12},"end":{"line":486,"column":31}},"218":{"start":{"line":487,"column":12},"end":{"line":487,"column":18}},"219":{"start":{"line":490,"column":10},"end":{"line":493,"column":14}},"220":{"start":{"line":496,"column":10},"end":{"line":496,"column":29}},"221":{"start":{"line":497,"column":10},"end":{"line":497,"column":51}},"222":{"start":{"line":499,"column":10},"end":{"line":502,"column":11}},"223":{"start":{"line":500,"column":12},"end":{"line":500,"column":32}},"224":{"start":{"line":501,"column":12},"end":{"line":501,"column":18}},"225":{"start":{"line":504,"column":10},"end":{"line":504,"column":53}},"226":{"start":{"line":505,"column":10},"end":{"line":505,"column":29}},"227":{"start":{"line":506,"column":10},"end":{"line":506,"column":75}},"228":{"start":{"line":509,"column":10},"end":{"line":509,"column":33}},"229":{"start":{"line":510,"column":10},"end":{"line":510,"column":28}},"230":{"start":{"line":512,"column":10},"end":{"line":515,"column":11}},"231":{"start":{"line":513,"column":12},"end":{"line":513,"column":32}},"232":{"start":{"line":514,"column":12},"end":{"line":514,"column":18}},"233":{"start":{"line":517,"column":10},"end":{"line":520,"column":14}},"234":{"start":{"line":523,"column":10},"end":{"line":526,"column":11}},"235":{"start":{"line":524,"column":12},"end":{"line":524,"column":32}},"236":{"start":{"line":525,"column":12},"end":{"line":525,"column":18}},"237":{"start":{"line":528,"column":10},"end":{"line":528,"column":54}},"238":{"start":{"line":529,"column":10},"end":{"line":529,"column":53}},"239":{"start":{"line":530,"column":10},"end":{"line":530,"column":82}},"240":{"start":{"line":531,"column":10},"end":{"line":531,"column":30}},"241":{"start":{"line":532,"column":10},"end":{"line":532,"column":92}},"242":{"start":{"line":535,"column":10},"end":{"line":535,"column":41}},"243":{"start":{"line":537,"column":10},"end":{"line":540,"column":11}},"244":{"start":{"line":538,"column":12},"end":{"line":538,"column":32}},"245":{"start":{"line":539,"column":12},"end":{"line":539,"column":18}},"246":{"start":{"line":542,"column":10},"end":{"line":545,"column":14}},"247":{"start":{"line":548,"column":10},"end":{"line":548,"column":26}},"248":{"start":{"line":549,"column":10},"end":{"line":558,"column":13}},"249":{"start":{"line":561,"column":10},"end":{"line":561,"column":30}},"250":{"start":{"line":562,"column":10},"end":{"line":562,"column":16}},"251":{"start":{"line":565,"column":10},"end":{"line":568,"column":14}},"252":{"start":{"line":571,"column":10},"end":{"line":571,"column":30}},"253":{"start":{"line":572,"column":10},"end":{"line":572,"column":16}},"254":{"start":{"line":575,"column":10},"end":{"line":575,"column":30}},"255":{"start":{"line":576,"column":10},"end":{"line":576,"column":47}},"256":{"start":{"line":577,"column":10},"end":{"line":577,"column":30}},"257":{"start":{"line":578,"column":10},"end":{"line":578,"column":92}},"258":{"start":{"line":581,"column":10},"end":{"line":581,"column":30}},"259":{"start":{"line":582,"column":10},"end":{"line":582,"column":16}},"260":{"start":{"line":585,"column":10},"end":{"line":588,"column":14}},"261":{"start":{"line":592,"column":10},"end":{"line":592,"column":34}},"262":{"start":{"line":597,"column":0},"end":{"line":730,"column":3}},"263":{"start":{"line":600,"column":2},"end":{"line":729,"column":28}},"264":{"start":{"line":601,"column":4},"end":{"line":728,"column":5}},"265":{"start":{"line":602,"column":6},"end":{"line":727,"column":7}},"266":{"start":{"line":604,"column":10},"end":{"line":604,"column":28}},"267":{"start":{"line":606,"column":10},"end":{"line":609,"column":11}},"268":{"start":{"line":607,"column":12},"end":{"line":607,"column":32}},"269":{"start":{"line":608,"column":12},"end":{"line":608,"column":18}},"270":{"start":{"line":611,"column":10},"end":{"line":611,"column":29}},"271":{"start":{"line":612,"column":10},"end":{"line":612,"column":51}},"272":{"start":{"line":614,"column":10},"end":{"line":617,"column":11}},"273":{"start":{"line":615,"column":12},"end":{"line":615,"column":32}},"274":{"start":{"line":616,"column":12},"end":{"line":616,"column":18}},"275":{"start":{"line":619,"column":10},"end":{"line":619,"column":53}},"276":{"start":{"line":620,"column":10},"end":{"line":620,"column":29}},"277":{"start":{"line":621,"column":10},"end":{"line":621,"column":75}},"278":{"start":{"line":624,"column":10},"end":{"line":624,"column":33}},"279":{"start":{"line":625,"column":10},"end":{"line":625,"column":28}},"280":{"start":{"line":627,"column":10},"end":{"line":630,"column":11}},"281":{"start":{"line":628,"column":12},"end":{"line":628,"column":32}},"282":{"start":{"line":629,"column":12},"end":{"line":629,"column":18}},"283":{"start":{"line":632,"column":10},"end":{"line":635,"column":14}},"284":{"start":{"line":638,"column":10},"end":{"line":638,"column":55}},"285":{"start":{"line":639,"column":10},"end":{"line":639,"column":30}},"286":{"start":{"line":640,"column":10},"end":{"line":640,"column":139}},"287":{"start":{"line":643,"column":10},"end":{"line":643,"column":35}},"288":{"start":{"line":645,"column":10},"end":{"line":648,"column":11}},"289":{"start":{"line":646,"column":12},"end":{"line":646,"column":32}},"290":{"start":{"line":647,"column":12},"end":{"line":647,"column":18}},"291":{"start":{"line":650,"column":10},"end":{"line":650,"column":30}},"292":{"start":{"line":651,"column":10},"end":{"line":651,"column":144}},"293":{"start":{"line":654,"column":10},"end":{"line":654,"column":39}},"294":{"start":{"line":656,"column":10},"end":{"line":659,"column":11}},"295":{"start":{"line":657,"column":12},"end":{"line":657,"column":32}},"296":{"start":{"line":658,"column":12},"end":{"line":658,"column":18}},"297":{"start":{"line":661,"column":10},"end":{"line":664,"column":14}},"298":{"start":{"line":667,"column":10},"end":{"line":667,"column":30}},"299":{"start":{"line":668,"column":10},"end":{"line":668,"column":179}},"300":{"start":{"line":671,"column":10},"end":{"line":671,"column":32}},"301":{"start":{"line":673,"column":10},"end":{"line":676,"column":11}},"302":{"start":{"line":674,"column":12},"end":{"line":674,"column":32}},"303":{"start":{"line":675,"column":12},"end":{"line":675,"column":18}},"304":{"start":{"line":678,"column":10},"end":{"line":681,"column":14}},"305":{"start":{"line":684,"column":10},"end":{"line":684,"column":26}},"306":{"start":{"line":685,"column":10},"end":{"line":694,"column":13}},"307":{"start":{"line":695,"column":10},"end":{"line":695,"column":30}},"308":{"start":{"line":696,"column":10},"end":{"line":696,"column":16}},"309":{"start":{"line":699,"column":10},"end":{"line":702,"column":14}},"310":{"start":{"line":705,"column":10},"end":{"line":705,"column":30}},"311":{"start":{"line":706,"column":10},"end":{"line":706,"column":16}},"312":{"start":{"line":709,"column":10},"end":{"line":709,"column":30}},"313":{"start":{"line":710,"column":10},"end":{"line":710,"column":47}},"314":{"start":{"line":711,"column":10},"end":{"line":711,"column":30}},"315":{"start":{"line":712,"column":10},"end":{"line":712,"column":92}},"316":{"start":{"line":715,"column":10},"end":{"line":715,"column":30}},"317":{"start":{"line":716,"column":10},"end":{"line":716,"column":16}},"318":{"start":{"line":719,"column":10},"end":{"line":722,"column":14}},"319":{"start":{"line":726,"column":10},"end":{"line":726,"column":34}},"320":{"start":{"line":731,"column":0},"end":{"line":839,"column":3}},"321":{"start":{"line":734,"column":2},"end":{"line":838,"column":28}},"322":{"start":{"line":735,"column":4},"end":{"line":837,"column":5}},"323":{"start":{"line":736,"column":6},"end":{"line":836,"column":7}},"324":{"start":{"line":738,"column":10},"end":{"line":738,"column":28}},"325":{"start":{"line":740,"column":10},"end":{"line":743,"column":11}},"326":{"start":{"line":741,"column":12},"end":{"line":741,"column":32}},"327":{"start":{"line":742,"column":12},"end":{"line":742,"column":18}},"328":{"start":{"line":745,"column":10},"end":{"line":745,"column":29}},"329":{"start":{"line":746,"column":10},"end":{"line":746,"column":51}},"330":{"start":{"line":748,"column":10},"end":{"line":751,"column":11}},"331":{"start":{"line":749,"column":12},"end":{"line":749,"column":32}},"332":{"start":{"line":750,"column":12},"end":{"line":750,"column":18}},"333":{"start":{"line":753,"column":10},"end":{"line":753,"column":53}},"334":{"start":{"line":754,"column":10},"end":{"line":754,"column":29}},"335":{"start":{"line":755,"column":10},"end":{"line":755,"column":75}},"336":{"start":{"line":758,"column":10},"end":{"line":758,"column":33}},"337":{"start":{"line":759,"column":10},"end":{"line":759,"column":28}},"338":{"start":{"line":761,"column":10},"end":{"line":764,"column":11}},"339":{"start":{"line":762,"column":12},"end":{"line":762,"column":32}},"340":{"start":{"line":763,"column":12},"end":{"line":763,"column":18}},"341":{"start":{"line":766,"column":10},"end":{"line":769,"column":14}},"342":{"start":{"line":772,"column":10},"end":{"line":772,"column":57}},"343":{"start":{"line":773,"column":10},"end":{"line":773,"column":30}},"344":{"start":{"line":774,"column":10},"end":{"line":774,"column":181}},"345":{"start":{"line":777,"column":10},"end":{"line":777,"column":42}},"346":{"start":{"line":779,"column":10},"end":{"line":782,"column":11}},"347":{"start":{"line":780,"column":12},"end":{"line":780,"column":32}},"348":{"start":{"line":781,"column":12},"end":{"line":781,"column":18}},"349":{"start":{"line":784,"column":10},"end":{"line":787,"column":14}},"350":{"start":{"line":790,"column":10},"end":{"line":790,"column":26}},"351":{"start":{"line":791,"column":10},"end":{"line":803,"column":13}},"352":
[...]
":26,"80":26,"81":26,"82":26,"83":26,"84":26,"85":25,"86":25,"87":1,"88":25,"89":25,"90":25,"91":0,"92":25,"93":25,"94":25,"95":25,"96":25,"97":25,"98":0,"99":25,"100":1,"101":1,"102":1,"103":1,"104":26,"105":1},"f":{"0":2,"1":7,"2":26,"3":103},"b":{"0":[2,1,1,1,1,1,1,1,1,1,1,0,1,2],"1":[1,1],"2":[2,2,2,2,1,1,1,1,1],"3":[1,0],"4":[1,0],"5":[1,0],"6":[1,0],"7":[1,0],"8":[26,26,26,26,25,25,25,25,1,1,26],"9":[26,0],"10":[26,26],"11":[26,0],"12":[25,1],"13":[25,0],"14":[25,0]},"inputSourceMap":{"version":3,"sources":["auth_login.js"],"names":["express","require","randomstring","bcrypt","router","Router","debug","Auth","Validate","Helper","db","ErrorHandler","post","verifyTokenAdmin","req","res","next","body","firstName","lastName","email","phone","is_superuser","gender","jobRole","department","address","isValidEmail","isEmailUsed","isPhoneUsed","password","generate","hash","hashSync","user","query","rows","id","message","from","to","subject","text","sendMail","token","generateToken","status","json","data","userId","comparePassword","updateLogin","send","module","exports"],"mappings":";;;;;;AAAA,IAAMA,OAAO,GAAGC,OAAO,CAAC,SAAD,CAAvB;;AACA,IAAMC,YAAY,GAAGD,OAAO,CAAC,cAAD,CAA5B;;AACA,IAAME,MAAM,GAAGF,OAAO,CAAC,QAAD,CAAtB;;AAEA,IAAMG,MAAM,GAAGJ,OAAO,CAACK,MAAR,EAAf;;AACA,IAAMC,KAAK,GAAGL,OAAO,CAAC,OAAD,CAAP,CAAiB,4BAAjB,CAAd;;AACA,IAAMM,IAAI,GAAGN,OAAO,CAAC,+BAAD,CAApB;;AACA,IAAMO,QAAQ,GAAGP,OAAO,CAAC,wBAAD,CAAxB;;AACA,IAAMQ,MAAM,GAAGR,OAAO,CAAC,sBAAD,CAAtB;;AACA,IAAMS,EAAE,GAAGT,OAAO,CAAC,mBAAD,CAAlB;;eACyBA,OAAO,CAAC,6BAAD,C;IAAxBU,Y,YAAAA,Y,EAER;;;AACAP,MAAM,CAACQ,IAAP,CACE,mBADF,EAEEL,IAAI,CAACM,gBAFP,EAGE;AACA,iBAAOC,GAAP,EAAYC,GAAZ,EAAiBC,IAAjB;AAAA;;AAAA;AAAA;AAAA;AAAA;AAAA;;AAAA,gBAGM,CAACF,GAAG,CAACG,IAAJ,CAASC,SAAV,IACA,CAACJ,GAAG,CAACG,IAAJ,CAASE,QADV,IAEA,CAACL,GAAG,CAACG,IAAJ,CAASG,KAFV,IAGA,CAACN,GAAG,CAACG,IAAJ,CAASI,KAHV,IAIA,CAACP,GAAG,CAACG,IAAJ,CAASK,YAJV,IAKA,CAACR,GAAG,CAACG,IAAJ,CAASM,MALV,IAMA,CAACT,GAAG,CAACG,IAAJ,CAASO,OANV,IAOA,CAACV,GAAG,CAACG,IAAJ,CAASQ,UAPV,IAQA,CAACX,GAAG,CAACG,IAAJ,CAASS,OAXhB;AAAA;AAAA;AAAA;;AAAA,2CAaaV,IAAI,CAAC,IAAIL,YAAJ,CAAiB,GAAjB,EAAsB,yBAAtB,CAAD,CAbjB;;AAAA;AAAA,cAeSH,QAAQ,CAACmB,YAAT,CAAsBb,GAAG,CAACG,IAAJ,CAASG,KAA/B,CAfT;AAAA;AAAA;AAAA;;AAAA,2CAgBaJ,IAAI,CAAC,IAAIL,YAAJ,CAAiB,GAAjB,EAAsB,4BAAtB,CAAD,CAhBjB;;AAAA;AAAA;AAAA,+CAmBcH,QAAQ,CAACoB,WAAT,CAAqBd,GAAG,CAACG,IAAJ,CAASG,KAA9B,CAnBd;;AAAA;AAAA;AAAA;AAAA;AAAA;;AAAA,2CAoBaJ,IAAI,CAAC,IAAIL,YAAJ,CAAiB,GAAjB,EAAsB,8BAAtB,CAAD,CApBjB;;AAAA;AAAA;AAAA,+CAuBcH,QAAQ,CAACqB,WAAT,CAAqBf,GAAG,CAACG,IAAJ,CAASI,KAA9B,CAvBd;;AAAA;AAAA;AAAA;AAAA;AAAA;;AAAA,2CAwBaL,IAAI,CAAC,IAAIL,YAAJ,CAAiB,GAAjB,EAAsB,sBAAtB,CAAD,CAxBjB;;AAAA;AA0BUmB,UAAAA,QA1BV,GA0BqB5B,YAAY,CAAC6B,QAAb,CAAsB,CAAtB,CA1BrB;AA2BUC,UAAAA,IA3BV,GA2BiB7B,MAAM,CAAC8B,QAAP,CAAgBH,QAAhB,EAA0B,EAA1B,CA3BjB;AA4BUI,UAAAA,IA5BV,GA6BM,yNA7BN;AAAA;AAAA,+CA8B2BxB,EAAE,CAACyB,KAAH,CAASD,IAAT,EAAe,CACpCF,IADoC,EAEpClB,GAAG,CAACG,IAAJ,CAASC,SAF2B,EAGpCJ,GAAG,CAACG,IAAJ,CAASE,QAH2B,EAIpCL,GAAG,CAACG,IAAJ,CAASG,KAJ2B,EAKpCN,GAAG,CAACG,IAAJ,CAASI,KAL2B,EAMpCP,GAAG,CAACG,IAAJ,CAASK,YAN2B,EAOpC,QAPoC,EAQpC,CARoC,EASpCR,GAAG,CAACG,IAAJ,CAASM,MAT2B,EAUpCT,GAAG,CAACG,IAAJ,CAASO,OAV2B,EAWpCV,GAAG,CAACG,IAAJ,CAASQ,UAX2B,EAYpCX,GAAG,CAACG,IAAJ,CAASS,OAZ2B,CAAf,CA9B3B;;AAAA;AAAA;AA8BYU,UAAAA,IA9BZ,QA8BYA,IA9BZ;;AAAA,cA6CSA,IAAI,CAAC,CAAD,CAAJ,CAAQC,EA7CjB;AAAA;AAAA;AAAA;;AAAA,2CA8CarB,IAAI,CACT,IAAIL,YAAJ,CAAiB,GAAjB,EAAsB,wCAAtB,CADS,CA9CjB;;AAAA;AAkDU2B,UAAAA,OAlDV,GAkDoB;AACdC,YAAAA,IAAI,EAAE,sBADQ;AACgB;AAC9BC,YAAAA,EAAE,EAAE1B,GAAG,CAACG,IAAJ,CAASG,KAFC;AAEM;AACpBqB,YAAAA,OAAO,EAAE,2BAHK;AAGwB;AACtCC,YAAAA,IAAI,uFAAgFZ,QAAhF,CAJU,CAIiF;;AAJjF,WAlDpB;AAAA;AAAA,+CAwDc,CAACrB,MAAM,CAACkC,QAAP,CAAgBL,OAAhB,CAxDf;;AAAA;AAAA;AAAA;AAAA;AAAA;;AAAA,2CAyDatB,IAAI,CACT,IAAIL,YAAJ,CACE,GADF,EAEE,iDAFF,CADS,CAzDjB;;AAAA;AAgEUiC,UAAAA,KAhEV,GAgEkBnC,MAAM,CAACoC,aAAP,CAAqBT,IAAI,CAAC,CAAD,CAAJ,CAAQC,EAA7B,CAhElB;AAiEItB,UAAAA,GAAG,CAAC+B,MAAJ,CAAW,GAAX;AACA/B,UAAAA,GAAG,CAACgC,IAAJ,CAAS;AACPD,YAAAA,MAAM,EAAE,SADD;AAEPE,YAAAA,IAAI,EAAE;AACJV,cAAAA,OAAO,EAAE,mCADL;AAEJM,cAAAA,KAAK,EAALA,KAFI;AAGJK,cAAAA,MAAM,EAAEb,IAAI,CAAC,CAAD,CAAJ,CAAQC;AAHZ;AAFC,WAAT;AAlEJ;AAAA;;AAAA;AAAA;AAAA;AA2EI/B,UAAAA,KAAK,aAAL;AACAU,UAAAA,IAAI,aAAJ;;AA5EJ;AAAA;AAAA;AAAA;AAAA;AAAA;AAAA,CAJF,E,CAqFA;;AACAZ,MAAM,CAACQ,IAAP,CAAY,cAAZ,EAA4B,kBAAOE,GAAP,EAAYC,GAAZ,EAAiBC,IAAjB;AAAA;;AAAA;AAAA;AAAA;AAAA;AAAA;;AAAA,gBAEpB,CAACF,GAAG,CAACG,IAAJ,CAASG,KAAV,IAAmB,CAACN,GAAG,CAACG,IAAJ,CAASa,QAFT;AAAA;AAAA;AAAA;;AAAA,gBAGhB,IAAInB,YAAJ,CAAiB,GAAjB,EAAsB,2BAAtB,CAHgB;;AAAA;AAAA,cAKnBH,QAAQ,CAACmB,YAAT,CAAsBb,GAAG,CAACG,IAAJ,CAASG,KAA/B,CALmB;AAAA;AAAA;AAAA;;AAAA,gBAMhB,IAAIT,YAAJ,CAAiB,GAAjB,EAAsB,2BAAtB,CANgB;;AAAA;AAQlB+B,UAAAA,IARkB,GAQX,0CARW;AAAA;AAAA,+CAUDhC,EAAE,CAACyB,KAAH,CAASO,IAAT,EAAe,CAAC5B,GAAG,CAACG,IAAJ,CAASG,KAAV,CAAf,CAVC;;AAAA;AAAA;AAUhBgB,UAAAA,IAVgB,SAUhBA,IAVgB;;AAAA,cAWnBA,IAAI,CAAC,CAAD,CAXe;AAAA;AAAA;AAAA;;AAAA,gBAYhB,IAAIzB,YAAJ,CAAiB,GAAjB,EAAsB,2BAAtB,CAZgB;;AAAA;AAAA,cAcnBH,QAAQ,CAAC0C,eAAT,CAAyBd,IAAI,CAAC,CAAD,CAAJ,CAAQN,QAAjC,EAA2ChB,GAAG,CAACG,IAAJ,CAASa,QAApD,CAdmB;AAAA;AAAA;AAAA;;AAAA,gBAehB,IAAInB,YAAJ,CAAiB,GAAjB,EAAsB,2BAAtB,CAfgB;;AAAA;AAiBlBiC,UAAAA,KAjBkB,GAiBVnC,MAAM,CAACoC,aAAP,CAAqBT,IAAI,CAAC,CAAD,CAAJ,CAAQC,EAA7B,CAjBU;AAAA;AAAA,+CAkBd,CAAC5B,MAAM,CAAC0C,WAAP,CAAmBf,IAAI,CAAC,CAAD,CAAJ,CAAQC,EAA3B,CAlBa;;AAAA;AAAA;AAAA;AAAA;AAAA;;AAAA,gBAmBhB,IAAI1B,YAAJ,CACJ,GADI,EAEJ,sDAFI,CAnBgB;;AAAA;AAAA,4CAwBjBI,GAAG,CAAC+B,MAAJ,CAAW,GAAX,EAAgBM,IAAhB,CAAqB;AAC1BN,YAAAA,MAAM,EAAE,SADkB;AAE1BE,YAAAA,IAAI,EAAE;AACJJ,cAAAA,KAAK,EAALA,KADI;AAEJK,cAAAA,MAAM,EAAEb,IAAI,CAAC,CAAD,CAAJ,CAAQC;AAFZ;AAFoB,WAArB,CAxBiB;;AAAA;AAAA;AAAA;AAgCxB/B,UAAAA,KAAK,cAAL;AACAU,UAAAA,IAAI,cAAJ;;AAjCwB;AAAA;AAAA;AAAA;AAAA;AAAA;AAAA,CAA5B;AAqCAqC,MAAM,CAACC,OAAP,GAAiBlD,MAAjB","sourceRoot":"F:\\MyLearning\\Capstone-project\\Teamwork-Backend-API\\src\\routes\\controllers","sourcesContent":["const express = require('express');\r\nconst randomstring = require('randomstring');\r\nconst bcrypt = require('bcrypt');\r\n\r\nconst router = express.Router();\r\nconst debug = require('debug')('teamwork-backend-api:debug');\r\nconst Auth = require('../../auth/middleware/auth.js');\r\nconst Validate = require('../../auth/validate.js');\r\nconst Helper = require('../../auth/helper.js');\r\nconst db = require('../../db/index.js');\r\nconst { ErrorHandler } = require('../../auth/middleware/error');\r\n\r\n// eslint-disable-next-line consistent-return\r\nrouter.post(\r\n  '/auth/create-user',\r\n  Auth.verifyTokenAdmin,\r\n  // eslint-disable-next-line consistent-return\r\n  async (req, res, next) => {\r\n    try {\r\n      if (\r\n        !req.body.firstName ||\r\n        !req.body.lastName ||\r\n        !req.body.email ||\r\n        !req.body.phone ||\r\n        !req.body.is_superuser ||\r\n        !req.body.gender ||\r\n        !req.body.jobRole ||\r\n        !req.body.department ||\r\n        !req.body.address\r\n      ) {\r\n        return next(new ErrorHandler(401, 'incomplete user details'));\r\n      }\r\n      if (!Validate.isValidEmail(req.body.email)) {\r\n        return next(new ErrorHandler(401, 'invalid user email address'));\r\n      }\r\n      // console.log(await Validate.isEmailUsed(req.body.email));\r\n      if (await Validate.isEmailUsed(req.body.email)) {\r\n        return next(new ErrorHandler(401, 'email address already in use'));\r\n      }\r\n\r\n      if (await Validate.isPhoneUsed(req.body.phone)) {\r\n        return next(new ErrorHandler(401, 'phone already in use'));\r\n      }\r\n      const password = randomstring.generate(6);\r\n      const hash = bcrypt.hashSync(password, 10);\r\n      const user =\r\n        'INSERT INTO sys_users(password, firstName, lastName, email, phone, is_superuser, password_status,login_attempts,gender,jobRole,department,address) VALUES ($1, $2, $3, $4, $5, $6, $7, $8, $9,$10,$11,$12) returning id';\r\n      const { rows } = await db.query(user, [\r\n        hash,\r\n        req.body.firstName,\r\n        req.body.lastName,\r\n        req.body.email,\r\n        req.body.phone,\r\n        req.body.is_superuser,\r\n        'Change',\r\n        0,\r\n        req.body.gender,\r\n        req.body.jobRole,\r\n        req.body.department,\r\n        req.body.address\r\n      ]);\r\n\r\n      if (!rows[0].id) {\r\n        return next(\r\n          new ErrorHandler(500, 'An error occured while saving the user')\r\n        );\r\n      }\r\n      const message = {\r\n        from: 'ipkiruig83@gmail.com', // Sender address\r\n        to: req.body.email, // List of recipients\r\n        subject: 'Password for Teamwork App', // Subject line\r\n        text: `You have been successfully registered to access this app. your password is ${password}` // Plain text body\r\n      };\r\n      if (await !Helper.sendMail(message)) {\r\n        return next(\r\n          new ErrorHandler(\r\n            500,\r\n            'An error occured while sending mail to the user'\r\n          )\r\n        );\r\n      }\r\n      const token = Helper.generateToken(rows[0].id);\r\n      res.status(201);\r\n      res.json({\r\n        status: 'success',\r\n        data: {\r\n          message: 'User account successfully created',\r\n          token,\r\n          userId: rows[0].id\r\n        }\r\n      });\r\n    } catch (error) {\r\n      debug(error);\r\n      next(error);\r\n    }\r\n  }\r\n);\r\n\r\n// eslint-disable-next-line consistent-return\r\nrouter.post('/auth/signin', async (req, res, next) => {\r\n  try {\r\n    if (!req.body.email || !req.body.password) {\r\n      throw new ErrorHandler(401, 'invalid login credentials');\r\n    }\r\n    if (!Validate.isValidEmail(req.body.email)) {\r\n      throw new ErrorHandler(401, 'invalid login credentials');\r\n    }\r\n    const text = 'SELECT * FROM sys_users WHERE email = $1';\r\n\r\n    const { rows } = await db.query(text, [req.body.email]);\r\n    if (!rows[0]) {\r\n      throw new ErrorHandler(401, 'invalid login credentials');\r\n    }\r\n    if (!Validate.comparePassword(rows[0].password, req.body.password)) {\r\n      throw new ErrorHandler(401, 'invalid login credentials');\r\n    }\r\n    const token = Helper.generateToken(rows[0].id);\r\n    if (await !Helper.updateLogin(rows[0].id)) {\r\n      throw new ErrorHandler(\r\n        500,\r\n        'an error occured while processing your login request'\r\n      );\r\n    }\r\n    return res.status(200).send({\r\n      status: 'success',\r\n      data: {\r\n        token,\r\n        userId: rows[0].id\r\n      }\r\n    });\r\n  } catch (error) {\r\n    debug(error);\r\n    next(error);\r\n  }\r\n});\r\n\r\nmodule.exports = router;\r\n"]},"_coverageSchema":"1a1c01bbd47fc00a2c39e90264f33305004495a9","hash":"1f8855cf025c10cb59fb901a0a415814fbcd9d29","contentHash":"ef9bf4eb92a1476155c0e7ed3a2f13e0d24f4f46bdcf8190260f8a2cacbc576f"},"F:\\MyLearning\\Capstone-project\\Teamwork-Backend-API\\src\\auth\\validate.js":{"path":"F:\\MyLearning\\Capstone-project\\Teamwork-Backend-API\\src\\auth\\validate.js","statementMap":{"0":{"start":{"line":3,"column":29},"end":{"line":3,"column":84}},"1":{"start":{"line":5,"column":19},"end":{"line":5,"column":80}},"2":{"start":{"line":7,"column":13},"end":{"line":7,"column":30}},"3":{"start":{"line":9,"column":12},"end":{"line":9,"column":58}},"4":{"start":{"line":11,"column":9},"end":{"line":11,"column":34}},"5":{"start":{"line":13,"column":15},"end":{"line":93,"column":1}},"6":{"start":{"line":16,"column":4},"end":{"line":20,"column":5}},"7":{"start":{"line":17,"column":6},"end":{"line":17,"column":63}},"8":{"start":{"line":19,"column":6},"end":{"line":19,"column":19}},"9":{"start":{"line":24,"column":4},"end":{"line":28,"column":5}},"10":{"start":{"line":25,"column":6},"end":{"line":25,"column":56}},"11":{"start":{"line":27,"column":6},"end":{"line":27,"column":19}},"12":{"start":{"line":31,"column":4},"end":{"line":31,"column":38}},"13":{"start":{"line":36,"column":4},"end":{"line":61,"column":29}},"14":{"start":{"line":37,"column":6},"end":{"line":60,"column":7}},"15":{"start":{"line":38,"column":8},"end":{"line":59,"column":9}},"16":{"start":{"line":40,"column":12},"end":{"line":40,"column":30}},"17":{"start":{"line":41,"column":12},"end":{"line":41,"column":78}},"18":{"start":{"line":42,"column":12},"end":{"line":42,"column":30}},"19":{"start":{"line":43,"column":12},"end":{"line":43,"column":74}},"20":{"start":{"line":46,"column":12},"end":{"line":46,"column":33}},"21":{"start":{"line":47,"column":12},"end":{"line":47,"column":29}},"22":{"start":{"line":48,"column":12},"end":{"line":48,"column":61}},"23":{"start":{"line":51,"column":12},"end":{"line":51,"column":30}},"24":{"start":{"line":52,"column":12},"end":{"line":52,"column":47}},"25":{"start":{"line":53,"column":12},"end":{"line":53,"column":31}},"26":{"start":{"line":54,"column":12},"end":{"line":54,"column":52}},"27":{"start":{"line":58,"column":12},"end":{"line":58,"column":35}},"28":{"start":{"line":66,"column":4},"end":{"line":91,"column":29}},"29":{"start":{"line":67,"column":6},"end":{"line":90,"column":7}},"30":{"start":{"line":68,"column":8},"end":{"line":89,"column":9}},"31":{"start":{"line":70,"column":12},"end":{"line":70,"column":31}},"32":{"start":{"line":71,"column":12},"end":{"line":71,"column":78}},"33":{"start":{"line":72,"column":12},"end":{"line":72,"column":31}},"34":{"start":{"line":73,"column":12},"end":{"line":73,"column":75}},"35":{"start":{"line":76,"column":12},"end":{"line":76,"column":35}},"36":{"start":{"line":77,"column":12},"end":{"line":77,"column":30}},"37":{"start":{"line":78,"column":12},"end":{"line":78,"column":62}},"38":{"start":{"line":81,"column":12},"end":{"line":81,"column":31}},"39":{"start":{"line":82,"column":12},"end":{"line":82,"column":49}},"40":{"start":{"line":83,"column":12},"end":{"line":83,"column":32}},"41":{"start":{"line":84,"column":12},"end":{"line":84,"column":53}},"42":{"start":{"line":88,"column":12},"end":{"line":88,"column":36}},"43":{"start":{"line":94,"column":0},"end":{"line":94,"column":26}}},"fnMap":{"0":{"name":"hashPassword","decl":{"start":{"line":15,"column":25},"end":{"line":15,"column":37}},"loc":{"start":{"line":15,"column":48},"end":{"line":21,"column":3}},"line":15},"1":{"name":"comparePassword","decl":{"start":{"line":23,"column":28},"end":{"line":23,"column":43}},"loc":{"start":{"line":23,"column":68},"end":{"line":29,"column":3}},"line":23},"2":{"name":"isValidEmail","decl":{"start":{"line":30,"column":25},"end":{"line":30,"column":37}},"loc":{"start":{"line":30,"column":45},"end":{"line":32,"column":3}},"line":30},"3":{"name":"isEmailUsed","decl":{"start":{"line":33,"column":24},"end":{"line":33,"column":35}},"loc":{"start":{"line":33,"column":43},"end":{"line":62,"column":3}},"line":33},"4":{"name":"isEmailUsed$","decl":{"start":{"line":36,"column":50},"end":{"line":36,"column":62}},"loc":{"start":{"line":36,"column":73},"end":{"line":61,"column":5}},"line":36},"5":{"name":"isPhoneUsed","decl":{"start":{"line":63,"column":24},"end":{"line":63,"column":35}},"loc":{"start":{"line":63,"column":43},"end":{"line":92,"column":3}},"line":63},"6":{"name":"isPhoneUsed$","decl":{"start":{"line":66,"column":50},"end":{"line":66,"column":62}},"loc":{"start":{"line":66,"column":74},"end":{"line":91,"column":5}},"line":66}},"branchMap":{"0":{"loc":{"start":{"line":38,"column":8},"end":{"line":59,"column":9}},"type":"switch","locations":[{"start":{"line":39,"column":10},"end":{"line":43,"column":74}},{"start":{"line":45,"column":10},"end":{"line":48,"column":61}},{"start":{"line":50,"column":10},"end":{"line":54,"column":52}},{"start":{"line":56,"column":10},"end":{"line":56,"column":18}},{"start":{"line":57,"column":10},"end":{"line":58,"column":35}}],"line":38},"1":{"loc":{"start":{"line":68,"column":8},"end":{"line":89,"column":9}},"type":"switch","locations":[{"start":{"line":69,"column":10},"end":{"line":73,"column":75}},{"start":{"line":75,"column":10},"end":{"line":78,"column":62}},{"start":{"line":80,"column":10},"end":{"line":84,"column":53}},{"start":{"line":86,"column":10},"end":{"line":86,"column":18}},{"start":{"line":87,"column":10},"end":{"line":88,"column":36}}],"line":68}},"s":{"0":1,"1":1,"2":1,"3":1,"4":1,"5":1,"6":0,"7":0,"8":0,"9":25,"10":25,"11":0,"12":27,"13":1,"14":3,"15":3,"16":1,"17":1,"18":1,"19":1,"20":1,"21":1,"22":1,"23":0,"24":0,"25":0,"26":0,"27":1,"28":1,"29":3,"30":3,"31":1,"32":1,"33":1,"34":1,"35":1,"36":1,"37":1,"38":0,"39":0,"40":0,"41":0,"42":1,"43":1},"f":{"0":0,"1":25,"2":27,"3":1,"4":3,"5":1,"6":3},"b":{"0":[1,1,0,0,1],"1":[1,1,0,0,1]},"inputSourceMap":{"version":3,"sources":["validate.js"],"names":["bcrypt","require","debug","db","Validate","hashPassword","password","hashSync","genSaltSync","error","comparePassword","compareSync","isValidEmail","email","test","isEmailUsed","text","query","rows","exists","isPhoneUsed","phone","textP","module","exports"],"mappings":";;;;;;AAAA,IAAMA,MAAM,GAAGC,OAAO,CAAC,QAAD,CAAtB;;AACA,IAAMC,KAAK,GAAGD,OAAO,CAAC,OAAD,CAAP,CAAiB,4BAAjB,CAAd;;AACA,IAAME,EAAE,GAAGF,OAAO,CAAC,gBAAD,CAAlB;;AAEA,IAAMG,QAAQ,GAAG;AACf;AACAC,EAAAA,YAFe,wBAEFC,QAFE,EAEQ;AACrB,QAAI;AACF,aAAON,MAAM,CAACO,QAAP,CAAgBD,QAAhB,EAA0BN,MAAM,CAACQ,WAAP,CAAmB,EAAnB,CAA1B,CAAP;AACD,KAFD,CAEE,OAAOC,KAAP,EAAc;AACdP,MAAAA,KAAK,CAACO,KAAD,CAAL;AACD;AACF,GARc;AAUf;AACAC,EAAAA,eAXe,2BAWCL,YAXD,EAWeC,QAXf,EAWyB;AACtC,QAAI;AACF,aAAON,MAAM,CAACW,WAAP,CAAmBL,QAAnB,EAA6BD,YAA7B,CAAP;AACD,KAFD,CAEE,OAAOI,KAAP,EAAc;AACdP,MAAAA,KAAK,CAACO,KAAD,CAAL;AACD;AACF,GAjBc;AAmBfG,EAAAA,YAnBe,wBAmBFC,KAnBE,EAmBK;AAClB,WAAO,eAAeC,IAAf,CAAoBD,KAApB,CAAP;AACD,GArBc;AAuBTE,EAAAA,WAvBS,uBAuBGF,KAvBH;AAAA;;AAAA;AAAA;AAAA;AAAA;AAAA;AAyBLG,YAAAA,IAzBK,GAyBE,0DAzBF;AAAA;AAAA,iDA0BYb,EAAE,CAACc,KAAH,CAASD,IAAT,EAAe,CAACH,KAAD,CAAf,CA1BZ;;AAAA;AAAA;AA0BHK,YAAAA,IA1BG,QA0BHA,IA1BG;AAAA,6CA2BJA,IAAI,CAAC,CAAD,CAAJ,CAAQC,MA3BJ;;AAAA;AAAA;AAAA;AA6BXjB,YAAAA,KAAK,aAAL;AA7BW,6CA8BJ,KA9BI;;AAAA;AAAA;AAAA;AAAA;AAAA;AAAA;AAAA;AAkCTkB,EAAAA,WAlCS,uBAkCGC,KAlCH;AAAA;;AAAA;AAAA;AAAA;AAAA;AAAA;AAoCLC,YAAAA,KApCK,GAoCG,yDApCH;AAAA;AAAA,iDAqCYnB,EAAE,CAACc,KAAH,CAASK,KAAT,EAAgB,CAACD,KAAD,CAAhB,CArCZ;;AAAA;AAAA;AAqCHH,YAAAA,IArCG,SAqCHA,IArCG;AAAA,8CAsCJA,IAAI,CAAC,CAAD,CAAJ,CAAQC,MAtCJ;;AAAA;AAAA;AAAA;AAwCXjB,YAAAA,KAAK,cAAL;AAxCW,8CAyCJ,KAzCI;;AAAA;AAAA;AAAA;AAAA;AAAA;AAAA;AAAA;AAAA,CAAjB;AA8CAqB,MAAM,CAACC,OAAP,GAAiBpB,QAAjB","sourceRoot":"F:\\MyLearning\\Capstone-project\\Teamwork-Backend-API\\src\\auth","sourcesContent":["const bcrypt = require('bcrypt');\r\nconst debug = require('debug')('teamwork-backend-api:debug');\r\nconst db = require('../db/index.js');\r\n\r\nconst Validate = {\r\n  // eslint-disable-next-line consistent-return\r\n  hashPassword(password) {\r\n    try {\r\n      return bcrypt.hashSync(password, bcrypt.genSaltSync(10));\r\n    } catch (error) {\r\n      debug(error);\r\n    }\r\n  },\r\n\r\n  // eslint-disable-next-line consistent-return\r\n  comparePassword(hashPassword, password) {\r\n    try {\r\n      return bcrypt.compareSync(password, hashPassword);\r\n    } catch (error) {\r\n      debug(error);\r\n    }\r\n  },\r\n\r\n  isValidEmail(email) {\r\n    return /\\S+@\\S+\\.\\S+/.test(email);\r\n  },\r\n\r\n  async isEmailUsed(email) {\r\n    try {\r\n      const text = 'SELECT EXISTS (SELECT 1 FROM sys_users WHERE email = $1)';\r\n      const { rows } = await db.query(text, [email]);\r\n      return rows[0].exists;\r\n    } catch (error) {\r\n      debug(error);\r\n      return false;\r\n    }\r\n  },\r\n\r\n  async isPhoneUsed(phone) {\r\n    try {\r\n      const textP = 'SELECT EXISTS(SELECT 1 FROM sys_users WHERE phone = $1)';\r\n      const { rows } = await db.query(textP, [phone]);\r\n      return rows[0].exists;\r\n    } catch (error) {\r\n      debug(error);\r\n      return false;\r\n    }\r\n  }\r\n};\r\n\r\nmodule.exports = Validate;\r\n"]},"_coverageSchema":"1a1c01bbd47fc00a2c39e90264f33305004495a9","hash":"9fda6bdbabd59b69f7b73c20b5f73c2c2aff1919","contentHash":"6fa0bcb59b7757759e897066bdcf73cdb1ccf26990563214878bf965ef1b5829"}}